2024-12-16 23:48:22,530 - INFO - _internal.py - [31m[1mWARNING: This is a development server. Do not use it in a production deployment. Use a production WSGI server instead.[0m
 * Running on all addresses (0.0.0.0)
 * Running on http://127.0.0.1:80
 * Running on http://172.16.12.13:80
2024-12-16 23:48:22,530 - INFO - _internal.py - [33mPress CTRL+C to quit[0m
2024-12-16 23:48:26,652 - INFO - _internal.py - 127.0.0.1 - - [16/Dec/2024 23:48:26] "GET / HTTP/1.1" 200 -
2024-12-16 23:48:26,735 - INFO - _internal.py - 127.0.0.1 - - [16/Dec/2024 23:48:26] "[36mGET /static/css/Login_page.css HTTP/1.1[0m" 304 -
2024-12-16 23:48:26,782 - INFO - _internal.py - 127.0.0.1 - - [16/Dec/2024 23:48:26] "[33mGET /static/images/background.jpg HTTP/1.1[0m" 404 -
2024-12-16 23:48:27,287 - INFO - _internal.py - 127.0.0.1 - - [16/Dec/2024 23:48:27] "[33mGET /favicon.ico HTTP/1.1[0m" 404 -
2024-12-16 23:48:32,142 - INFO - main.py - User 'zura' logged in successfully.
2024-12-16 23:48:32,144 - INFO - _internal.py - 127.0.0.1 - - [16/Dec/2024 23:48:32] "[32mPOST / HTTP/1.1[0m" 302 -
2024-12-16 23:48:32,201 - INFO - _internal.py - 127.0.0.1 - - [16/Dec/2024 23:48:32] "GET /index HTTP/1.1" 200 -
2024-12-16 23:48:32,280 - INFO - _internal.py - 127.0.0.1 - - [16/Dec/2024 23:48:32] "[36mGET /static/css/map_page.css HTTP/1.1[0m" 304 -
2024-12-16 23:48:42,060 - ERROR - app.py - Exception on /index [POST]
Traceback (most recent call last):
  File "E:\ZURA KOPADZE\mapping_stca\venv\lib\site-packages\pandas\core\indexes\base.py", line 3361, in get_loc
    return self._engine.get_loc(casted_key)
  File "pandas\_libs\index.pyx", line 76, in pandas._libs.index.IndexEngine.get_loc
  File "pandas\_libs\index.pyx", line 108, in pandas._libs.index.IndexEngine.get_loc
  File "pandas\_libs\hashtable_class_helper.pxi", line 5198, in pandas._libs.hashtable.PyObjectHashTable.get_item
  File "pandas\_libs\hashtable_class_helper.pxi", line 5206, in pandas._libs.hashtable.PyObjectHashTable.get_item
KeyError: 'callsign_1'

The above exception was the direct cause of the following exception:

Traceback (most recent call last):
  File "E:\ZURA KOPADZE\mapping_stca\venv\lib\site-packages\flask\app.py", line 2529, in wsgi_app
    response = self.full_dispatch_request()
  File "E:\ZURA KOPADZE\mapping_stca\venv\lib\site-packages\flask\app.py", line 1825, in full_dispatch_request
    rv = self.handle_user_exception(e)
  File "E:\ZURA KOPADZE\mapping_stca\venv\lib\site-packages\flask\app.py", line 1823, in full_dispatch_request
    rv = self.dispatch_request()
  File "E:\ZURA KOPADZE\mapping_stca\venv\lib\site-packages\flask\app.py", line 1799, in dispatch_request
    return self.ensure_sync(self.view_functions[rule.endpoint])(**view_args)
  File "E:\ZURA KOPADZE\mapping_stca\venv\lib\site-packages\flask_login\utils.py", line 290, in decorated_view
    return current_app.ensure_sync(func)(*args, **kwargs)
  File "E:\ZURA KOPADZE\mapping_stca\main.py", line 282, in index
    start_date, end_date, callsign_filter, id_filter
  File "E:\ZURA KOPADZE\mapping_stca\main.py", line 192, in create_map
    f"<div style='font-size: 18px;'>"
  File "E:\ZURA KOPADZE\mapping_stca\venv\lib\site-packages\pandas\core\series.py", line 942, in __getitem__
    return self._get_value(key)
  File "E:\ZURA KOPADZE\mapping_stca\venv\lib\site-packages\pandas\core\series.py", line 1051, in _get_value
    loc = self.index.get_loc(label)
  File "E:\ZURA KOPADZE\mapping_stca\venv\lib\site-packages\pandas\core\indexes\base.py", line 3363, in get_loc
    raise KeyError(key) from err
KeyError: 'callsign_1'
2024-12-16 23:48:42,125 - INFO - _internal.py - 127.0.0.1 - - [16/Dec/2024 23:48:42] "[35m[1mPOST /index HTTP/1.1[0m" 500 -
2024-12-16 23:51:24,285 - INFO - _internal.py - 127.0.0.1 - - [16/Dec/2024 23:51:24] "GET / HTTP/1.1" 200 -
2024-12-16 23:51:24,305 - INFO - _internal.py - 127.0.0.1 - - [16/Dec/2024 23:51:24] "[36mGET /static/css/Login_page.css HTTP/1.1[0m" 304 -
2024-12-16 23:51:24,323 - INFO - _internal.py - 127.0.0.1 - - [16/Dec/2024 23:51:24] "[33mGET /static/images/background.jpg HTTP/1.1[0m" 404 -
2024-12-16 23:51:29,340 - INFO - main.py - User 'zura' logged in successfully.
2024-12-16 23:51:29,342 - INFO - _internal.py - 127.0.0.1 - - [16/Dec/2024 23:51:29] "[32mPOST / HTTP/1.1[0m" 302 -
2024-12-16 23:51:29,349 - INFO - _internal.py - 127.0.0.1 - - [16/Dec/2024 23:51:29] "GET /index HTTP/1.1" 200 -
2024-12-16 23:51:29,378 - INFO - _internal.py - 127.0.0.1 - - [16/Dec/2024 23:51:29] "[36mGET /static/css/map_page.css HTTP/1.1[0m" 304 -
2024-12-16 23:51:35,733 - INFO - Insert_to_DBM.py - Using Python interpreter: E:\ZURA KOPADZE\mapping_stca\venv\Scripts\python.exe
2024-12-16 23:51:35,733 - INFO - Insert_to_DBM.py - Script path: E:\ZURA KOPADZE\mapping_stca\DBM\create_Midpoints_Table.py
2024-12-16 23:51:40,356 - INFO - Insert_to_DBM.py - Script executed successfully from path: E:\ZURA KOPADZE\mapping_stca\DBM\create_Midpoints_Table.py
Excel file loaded successfully.
Connected to the database successfully.
Results have been saved to the Midpoints database.

2024-12-16 23:51:40,938 - INFO - main.py - File 'sourse_file.xlsx' uploaded successfully.
2024-12-16 23:51:40,939 - INFO - _internal.py - 127.0.0.1 - - [16/Dec/2024 23:51:40] "[32mPOST /upload HTTP/1.1[0m" 302 -
2024-12-16 23:51:40,947 - INFO - _internal.py - 127.0.0.1 - - [16/Dec/2024 23:51:40] "GET /index HTTP/1.1" 200 -
2024-12-16 23:51:40,978 - INFO - _internal.py - 127.0.0.1 - - [16/Dec/2024 23:51:40] "[36mGET /static/css/map_page.css HTTP/1.1[0m" 304 -
2024-12-16 23:52:00,220 - ERROR - app.py - Exception on /index [POST]
Traceback (most recent call last):
  File "E:\ZURA KOPADZE\mapping_stca\venv\lib\site-packages\pandas\core\indexes\base.py", line 3361, in get_loc
    return self._engine.get_loc(casted_key)
  File "pandas\_libs\index.pyx", line 76, in pandas._libs.index.IndexEngine.get_loc
  File "pandas\_libs\index.pyx", line 108, in pandas._libs.index.IndexEngine.get_loc
  File "pandas\_libs\hashtable_class_helper.pxi", line 5198, in pandas._libs.hashtable.PyObjectHashTable.get_item
  File "pandas\_libs\hashtable_class_helper.pxi", line 5206, in pandas._libs.hashtable.PyObjectHashTable.get_item
KeyError: 'callsign_1'

The above exception was the direct cause of the following exception:

Traceback (most recent call last):
  File "E:\ZURA KOPADZE\mapping_stca\venv\lib\site-packages\flask\app.py", line 2529, in wsgi_app
    response = self.full_dispatch_request()
  File "E:\ZURA KOPADZE\mapping_stca\venv\lib\site-packages\flask\app.py", line 1825, in full_dispatch_request
    rv = self.handle_user_exception(e)
  File "E:\ZURA KOPADZE\mapping_stca\venv\lib\site-packages\flask\app.py", line 1823, in full_dispatch_request
    rv = self.dispatch_request()
  File "E:\ZURA KOPADZE\mapping_stca\venv\lib\site-packages\flask\app.py", line 1799, in dispatch_request
    return self.ensure_sync(self.view_functions[rule.endpoint])(**view_args)
  File "E:\ZURA KOPADZE\mapping_stca\venv\lib\site-packages\flask_login\utils.py", line 290, in decorated_view
    return current_app.ensure_sync(func)(*args, **kwargs)
  File "E:\ZURA KOPADZE\mapping_stca\main.py", line 282, in index
    start_date, end_date, callsign_filter, id_filter
  File "E:\ZURA KOPADZE\mapping_stca\main.py", line 192, in create_map
    f"<div style='font-size: 18px;'>"
  File "E:\ZURA KOPADZE\mapping_stca\venv\lib\site-packages\pandas\core\series.py", line 942, in __getitem__
    return self._get_value(key)
  File "E:\ZURA KOPADZE\mapping_stca\venv\lib\site-packages\pandas\core\series.py", line 1051, in _get_value
    loc = self.index.get_loc(label)
  File "E:\ZURA KOPADZE\mapping_stca\venv\lib\site-packages\pandas\core\indexes\base.py", line 3363, in get_loc
    raise KeyError(key) from err
KeyError: 'callsign_1'
2024-12-16 23:52:00,222 - INFO - _internal.py - 127.0.0.1 - - [16/Dec/2024 23:52:00] "[35m[1mPOST /index HTTP/1.1[0m" 500 -
2024-12-16 23:53:57,822 - INFO - main.py - Flask application is shutting down.
2024-12-16 23:54:01,627 - INFO - _internal.py - [31m[1mWARNING: This is a development server. Do not use it in a production deployment. Use a production WSGI server instead.[0m
 * Running on all addresses (0.0.0.0)
 * Running on http://127.0.0.1:80
 * Running on http://172.16.12.13:80
2024-12-16 23:54:01,627 - INFO - _internal.py - [33mPress CTRL+C to quit[0m
2024-12-16 23:54:04,230 - INFO - _internal.py - 127.0.0.1 - - [16/Dec/2024 23:54:04] "GET / HTTP/1.1" 200 -
2024-12-16 23:54:04,260 - INFO - _internal.py - 127.0.0.1 - - [16/Dec/2024 23:54:04] "[36mGET /static/css/Login_page.css HTTP/1.1[0m" 304 -
2024-12-16 23:54:04,294 - INFO - _internal.py - 127.0.0.1 - - [16/Dec/2024 23:54:04] "[33mGET /static/images/background.jpg HTTP/1.1[0m" 404 -
2024-12-16 23:54:09,036 - INFO - main.py - User 'zura' logged in successfully.
2024-12-16 23:54:09,037 - INFO - _internal.py - 127.0.0.1 - - [16/Dec/2024 23:54:09] "[32mPOST / HTTP/1.1[0m" 302 -
2024-12-16 23:54:09,055 - INFO - _internal.py - 127.0.0.1 - - [16/Dec/2024 23:54:09] "GET /index HTTP/1.1" 200 -
2024-12-16 23:54:09,081 - INFO - _internal.py - 127.0.0.1 - - [16/Dec/2024 23:54:09] "[36mGET /static/css/map_page.css HTTP/1.1[0m" 304 -
2024-12-16 23:54:18,670 - INFO - _internal.py - 127.0.0.1 - - [16/Dec/2024 23:54:18] "POST /index HTTP/1.1" 200 -
2024-12-16 23:54:18,697 - INFO - _internal.py - 127.0.0.1 - - [16/Dec/2024 23:54:18] "[36mGET /static/css/map_page.css HTTP/1.1[0m" 304 -
2024-12-16 23:54:18,736 - INFO - _internal.py - 127.0.0.1 - - [16/Dec/2024 23:54:18] "GET /Results/map.html HTTP/1.1" 200 -
2024-12-16 23:55:35,365 - INFO - main.py - Flask application is shutting down.
2024-12-16 23:55:39,406 - INFO - _internal.py - [31m[1mWARNING: This is a development server. Do not use it in a production deployment. Use a production WSGI server instead.[0m
 * Running on all addresses (0.0.0.0)
 * Running on http://127.0.0.1:80
 * Running on http://172.16.12.13:80
2024-12-16 23:55:39,406 - INFO - _internal.py - [33mPress CTRL+C to quit[0m
2024-12-16 23:55:42,308 - INFO - _internal.py - 127.0.0.1 - - [16/Dec/2024 23:55:42] "GET / HTTP/1.1" 200 -
2024-12-16 23:55:42,337 - INFO - _internal.py - 127.0.0.1 - - [16/Dec/2024 23:55:42] "[36mGET /static/css/Login_page.css HTTP/1.1[0m" 304 -
2024-12-16 23:55:42,358 - INFO - _internal.py - 127.0.0.1 - - [16/Dec/2024 23:55:42] "[33mGET /static/images/background.jpg HTTP/1.1[0m" 404 -
2024-12-16 23:55:47,313 - INFO - main.py - User 'zura' logged in successfully.
2024-12-16 23:55:47,315 - INFO - _internal.py - 127.0.0.1 - - [16/Dec/2024 23:55:47] "[32mPOST / HTTP/1.1[0m" 302 -
2024-12-16 23:55:47,332 - INFO - _internal.py - 127.0.0.1 - - [16/Dec/2024 23:55:47] "GET /index HTTP/1.1" 200 -
2024-12-16 23:55:47,349 - INFO - _internal.py - 127.0.0.1 - - [16/Dec/2024 23:55:47] "[36mGET /static/css/map_page.css HTTP/1.1[0m" 304 -
2024-12-16 23:55:58,376 - ERROR - app.py - Exception on /index [POST]
Traceback (most recent call last):
  File "E:\ZURA KOPADZE\mapping_stca\venv\lib\site-packages\pandas\core\indexes\base.py", line 3361, in get_loc
    return self._engine.get_loc(casted_key)
  File "pandas\_libs\index.pyx", line 76, in pandas._libs.index.IndexEngine.get_loc
  File "pandas\_libs\index.pyx", line 108, in pandas._libs.index.IndexEngine.get_loc
  File "pandas\_libs\hashtable_class_helper.pxi", line 5198, in pandas._libs.hashtable.PyObjectHashTable.get_item
  File "pandas\_libs\hashtable_class_helper.pxi", line 5206, in pandas._libs.hashtable.PyObjectHashTable.get_item
KeyError: 'callsign_1'

The above exception was the direct cause of the following exception:

Traceback (most recent call last):
  File "E:\ZURA KOPADZE\mapping_stca\venv\lib\site-packages\flask\app.py", line 2529, in wsgi_app
    response = self.full_dispatch_request()
  File "E:\ZURA KOPADZE\mapping_stca\venv\lib\site-packages\flask\app.py", line 1825, in full_dispatch_request
    rv = self.handle_user_exception(e)
  File "E:\ZURA KOPADZE\mapping_stca\venv\lib\site-packages\flask\app.py", line 1823, in full_dispatch_request
    rv = self.dispatch_request()
  File "E:\ZURA KOPADZE\mapping_stca\venv\lib\site-packages\flask\app.py", line 1799, in dispatch_request
    return self.ensure_sync(self.view_functions[rule.endpoint])(**view_args)
  File "E:\ZURA KOPADZE\mapping_stca\venv\lib\site-packages\flask_login\utils.py", line 290, in decorated_view
    return current_app.ensure_sync(func)(*args, **kwargs)
  File "E:\ZURA KOPADZE\mapping_stca\main.py", line 282, in index
    start_date, end_date, callsign_filter, id_filter
  File "E:\ZURA KOPADZE\mapping_stca\main.py", line 192, in create_map
    f"<div style='font-size: 18px;'>"
  File "E:\ZURA KOPADZE\mapping_stca\venv\lib\site-packages\pandas\core\series.py", line 942, in __getitem__
    return self._get_value(key)
  File "E:\ZURA KOPADZE\mapping_stca\venv\lib\site-packages\pandas\core\series.py", line 1051, in _get_value
    loc = self.index.get_loc(label)
  File "E:\ZURA KOPADZE\mapping_stca\venv\lib\site-packages\pandas\core\indexes\base.py", line 3363, in get_loc
    raise KeyError(key) from err
KeyError: 'callsign_1'
2024-12-16 23:55:58,383 - INFO - _internal.py - 127.0.0.1 - - [16/Dec/2024 23:55:58] "[35m[1mPOST /index HTTP/1.1[0m" 500 -
2024-12-16 23:57:41,456 - INFO - main.py - Flask application is shutting down.
2024-12-16 23:57:44,874 - INFO - _internal.py - [31m[1mWARNING: This is a development server. Do not use it in a production deployment. Use a production WSGI server instead.[0m
 * Running on all addresses (0.0.0.0)
 * Running on http://127.0.0.1:80
 * Running on http://172.16.12.13:80
2024-12-16 23:57:44,874 - INFO - _internal.py - [33mPress CTRL+C to quit[0m
2024-12-16 23:57:47,746 - INFO - _internal.py - 127.0.0.1 - - [16/Dec/2024 23:57:47] "GET / HTTP/1.1" 200 -
2024-12-16 23:57:47,775 - INFO - _internal.py - 127.0.0.1 - - [16/Dec/2024 23:57:47] "[36mGET /static/css/Login_page.css HTTP/1.1[0m" 304 -
2024-12-16 23:57:47,793 - INFO - _internal.py - 127.0.0.1 - - [16/Dec/2024 23:57:47] "[33mGET /static/images/background.jpg HTTP/1.1[0m" 404 -
2024-12-16 23:57:53,609 - INFO - main.py - User 'zura' logged in successfully.
2024-12-16 23:57:53,610 - INFO - _internal.py - 127.0.0.1 - - [16/Dec/2024 23:57:53] "[32mPOST / HTTP/1.1[0m" 302 -
2024-12-16 23:57:53,629 - INFO - _internal.py - 127.0.0.1 - - [16/Dec/2024 23:57:53] "GET /index HTTP/1.1" 200 -
2024-12-16 23:57:53,655 - INFO - _internal.py - 127.0.0.1 - - [16/Dec/2024 23:57:53] "[36mGET /static/css/map_page.css HTTP/1.1[0m" 304 -
2024-12-16 23:58:02,026 - INFO - _internal.py - 127.0.0.1 - - [16/Dec/2024 23:58:02] "POST /index HTTP/1.1" 200 -
2024-12-16 23:58:02,054 - INFO - _internal.py - 127.0.0.1 - - [16/Dec/2024 23:58:02] "[36mGET /static/css/map_page.css HTTP/1.1[0m" 304 -
2024-12-16 23:58:02,064 - INFO - _internal.py - 127.0.0.1 - - [16/Dec/2024 23:58:02] "GET /Results/map.html HTTP/1.1" 200 -
2024-12-16 23:58:53,598 - INFO - _internal.py - 127.0.0.1 - - [16/Dec/2024 23:58:53] "POST /index HTTP/1.1" 200 -
2024-12-16 23:58:53,626 - INFO - _internal.py - 127.0.0.1 - - [16/Dec/2024 23:58:53] "[36mGET /static/css/map_page.css HTTP/1.1[0m" 304 -
2024-12-16 23:58:53,657 - INFO - _internal.py - 127.0.0.1 - - [16/Dec/2024 23:58:53] "GET /Results/map.html HTTP/1.1" 200 -
2024-12-16 23:59:01,446 - INFO - _internal.py - 127.0.0.1 - - [16/Dec/2024 23:59:01] "POST /index HTTP/1.1" 200 -
2024-12-16 23:59:01,474 - INFO - _internal.py - 127.0.0.1 - - [16/Dec/2024 23:59:01] "[36mGET /static/css/map_page.css HTTP/1.1[0m" 304 -
2024-12-16 23:59:01,586 - INFO - _internal.py - 127.0.0.1 - - [16/Dec/2024 23:59:01] "GET /Results/map.html HTTP/1.1" 200 -
2024-12-17 00:01:12,803 - INFO - main.py - Flask application is shutting down.
2024-12-17 00:01:16,940 - INFO - _internal.py - [31m[1mWARNING: This is a development server. Do not use it in a production deployment. Use a production WSGI server instead.[0m
 * Running on all addresses (0.0.0.0)
 * Running on http://127.0.0.1:80
 * Running on http://172.16.12.13:80
2024-12-17 00:01:16,940 - INFO - _internal.py - [33mPress CTRL+C to quit[0m
2024-12-17 00:01:19,674 - INFO - _internal.py - 127.0.0.1 - - [17/Dec/2024 00:01:19] "GET / HTTP/1.1" 200 -
2024-12-17 00:01:19,707 - INFO - _internal.py - 127.0.0.1 - - [17/Dec/2024 00:01:19] "[36mGET /static/css/Login_page.css HTTP/1.1[0m" 304 -
2024-12-17 00:01:19,755 - INFO - _internal.py - 127.0.0.1 - - [17/Dec/2024 00:01:19] "[33mGET /static/images/background.jpg HTTP/1.1[0m" 404 -
2024-12-17 00:01:24,884 - INFO - main.py - User 'zura' logged in successfully.
2024-12-17 00:01:24,886 - INFO - _internal.py - 127.0.0.1 - - [17/Dec/2024 00:01:24] "[32mPOST / HTTP/1.1[0m" 302 -
2024-12-17 00:01:24,903 - INFO - _internal.py - 127.0.0.1 - - [17/Dec/2024 00:01:24] "GET /index HTTP/1.1" 200 -
2024-12-17 00:01:24,929 - INFO - _internal.py - 127.0.0.1 - - [17/Dec/2024 00:01:24] "[36mGET /static/css/map_page.css HTTP/1.1[0m" 304 -
2024-12-17 00:01:31,563 - INFO - _internal.py - 127.0.0.1 - - [17/Dec/2024 00:01:31] "POST /index HTTP/1.1" 200 -
2024-12-17 00:01:31,590 - INFO - _internal.py - 127.0.0.1 - - [17/Dec/2024 00:01:31] "[36mGET /static/css/map_page.css HTTP/1.1[0m" 304 -
2024-12-17 00:01:31,607 - INFO - _internal.py - 127.0.0.1 - - [17/Dec/2024 00:01:31] "GET /Results/map.html HTTP/1.1" 200 -
2024-12-17 00:03:04,249 - INFO - main.py - Flask application is shutting down.
2024-12-17 00:03:08,637 - INFO - _internal.py - [31m[1mWARNING: This is a development server. Do not use it in a production deployment. Use a production WSGI server instead.[0m
 * Running on all addresses (0.0.0.0)
 * Running on http://127.0.0.1:80
 * Running on http://172.16.12.13:80
2024-12-17 00:03:08,637 - INFO - _internal.py - [33mPress CTRL+C to quit[0m
2024-12-17 00:03:14,579 - INFO - _internal.py - 127.0.0.1 - - [17/Dec/2024 00:03:14] "GET / HTTP/1.1" 200 -
2024-12-17 00:03:14,603 - INFO - _internal.py - 127.0.0.1 - - [17/Dec/2024 00:03:14] "[36mGET /static/css/Login_page.css HTTP/1.1[0m" 304 -
2024-12-17 00:03:14,619 - INFO - _internal.py - 127.0.0.1 - - [17/Dec/2024 00:03:14] "[33mGET /static/images/background.jpg HTTP/1.1[0m" 404 -
2024-12-17 00:03:19,384 - INFO - main.py - User 'zura' logged in successfully.
2024-12-17 00:03:19,385 - INFO - _internal.py - 127.0.0.1 - - [17/Dec/2024 00:03:19] "[32mPOST / HTTP/1.1[0m" 302 -
2024-12-17 00:03:19,402 - INFO - _internal.py - 127.0.0.1 - - [17/Dec/2024 00:03:19] "GET /index HTTP/1.1" 200 -
2024-12-17 00:03:19,428 - INFO - _internal.py - 127.0.0.1 - - [17/Dec/2024 00:03:19] "[36mGET /static/css/map_page.css HTTP/1.1[0m" 304 -
2024-12-17 00:03:26,744 - ERROR - app.py - Exception on /index [POST]
Traceback (most recent call last):
  File "E:\ZURA KOPADZE\mapping_stca\venv\lib\site-packages\pandas\core\indexes\base.py", line 3361, in get_loc
    return self._engine.get_loc(casted_key)
  File "pandas\_libs\index.pyx", line 76, in pandas._libs.index.IndexEngine.get_loc
  File "pandas\_libs\index.pyx", line 108, in pandas._libs.index.IndexEngine.get_loc
  File "pandas\_libs\hashtable_class_helper.pxi", line 5198, in pandas._libs.hashtable.PyObjectHashTable.get_item
  File "pandas\_libs\hashtable_class_helper.pxi", line 5206, in pandas._libs.hashtable.PyObjectHashTable.get_item
KeyError: 'callsign_1'

The above exception was the direct cause of the following exception:

Traceback (most recent call last):
  File "E:\ZURA KOPADZE\mapping_stca\venv\lib\site-packages\flask\app.py", line 2529, in wsgi_app
    response = self.full_dispatch_request()
  File "E:\ZURA KOPADZE\mapping_stca\venv\lib\site-packages\flask\app.py", line 1825, in full_dispatch_request
    rv = self.handle_user_exception(e)
  File "E:\ZURA KOPADZE\mapping_stca\venv\lib\site-packages\flask\app.py", line 1823, in full_dispatch_request
    rv = self.dispatch_request()
  File "E:\ZURA KOPADZE\mapping_stca\venv\lib\site-packages\flask\app.py", line 1799, in dispatch_request
    return self.ensure_sync(self.view_functions[rule.endpoint])(**view_args)
  File "E:\ZURA KOPADZE\mapping_stca\venv\lib\site-packages\flask_login\utils.py", line 290, in decorated_view
    return current_app.ensure_sync(func)(*args, **kwargs)
  File "E:\ZURA KOPADZE\mapping_stca\main.py", line 282, in index
    start_date, end_date, callsign_filter, id_filter
  File "E:\ZURA KOPADZE\mapping_stca\main.py", line 192, in create_map
    f"<div style='font-size: 18px;'>"
  File "E:\ZURA KOPADZE\mapping_stca\venv\lib\site-packages\pandas\core\series.py", line 942, in __getitem__
    return self._get_value(key)
  File "E:\ZURA KOPADZE\mapping_stca\venv\lib\site-packages\pandas\core\series.py", line 1051, in _get_value
    loc = self.index.get_loc(label)
  File "E:\ZURA KOPADZE\mapping_stca\venv\lib\site-packages\pandas\core\indexes\base.py", line 3363, in get_loc
    raise KeyError(key) from err
KeyError: 'callsign_1'
2024-12-17 00:03:26,750 - INFO - _internal.py - 127.0.0.1 - - [17/Dec/2024 00:03:26] "[35m[1mPOST /index HTTP/1.1[0m" 500 -
2024-12-17 00:05:03,284 - INFO - main.py - Flask application is shutting down.
2024-12-17 00:05:07,135 - INFO - _internal.py - [31m[1mWARNING: This is a development server. Do not use it in a production deployment. Use a production WSGI server instead.[0m
 * Running on all addresses (0.0.0.0)
 * Running on http://127.0.0.1:80
 * Running on http://172.16.12.13:80
2024-12-17 00:05:07,135 - INFO - _internal.py - [33mPress CTRL+C to quit[0m
2024-12-17 00:05:13,354 - INFO - _internal.py - 127.0.0.1 - - [17/Dec/2024 00:05:13] "GET / HTTP/1.1" 200 -
2024-12-17 00:05:13,386 - INFO - _internal.py - 127.0.0.1 - - [17/Dec/2024 00:05:13] "[36mGET /static/css/Login_page.css HTTP/1.1[0m" 304 -
2024-12-17 00:05:13,399 - INFO - _internal.py - 127.0.0.1 - - [17/Dec/2024 00:05:13] "[33mGET /static/images/background.jpg HTTP/1.1[0m" 404 -
2024-12-17 00:05:18,201 - INFO - main.py - User 'zura' logged in successfully.
2024-12-17 00:05:18,203 - INFO - _internal.py - 127.0.0.1 - - [17/Dec/2024 00:05:18] "[32mPOST / HTTP/1.1[0m" 302 -
2024-12-17 00:05:18,220 - INFO - _internal.py - 127.0.0.1 - - [17/Dec/2024 00:05:18] "GET /index HTTP/1.1" 200 -
2024-12-17 00:05:18,244 - INFO - _internal.py - 127.0.0.1 - - [17/Dec/2024 00:05:18] "[36mGET /static/css/map_page.css HTTP/1.1[0m" 304 -
2024-12-17 00:05:25,355 - INFO - _internal.py - 127.0.0.1 - - [17/Dec/2024 00:05:25] "POST /index HTTP/1.1" 200 -
2024-12-17 00:05:25,385 - INFO - _internal.py - 127.0.0.1 - - [17/Dec/2024 00:05:25] "[36mGET /static/css/map_page.css HTTP/1.1[0m" 304 -
2024-12-17 00:05:25,395 - INFO - _internal.py - 127.0.0.1 - - [17/Dec/2024 00:05:25] "GET /Results/map.html HTTP/1.1" 200 -
2024-12-17 00:09:16,951 - INFO - main.py - Flask application is shutting down.
2024-12-17 00:09:20,030 - INFO - _internal.py - [31m[1mWARNING: This is a development server. Do not use it in a production deployment. Use a production WSGI server instead.[0m
 * Running on all addresses (0.0.0.0)
 * Running on http://127.0.0.1:80
 * Running on http://172.16.12.13:80
2024-12-17 00:09:20,031 - INFO - _internal.py - [33mPress CTRL+C to quit[0m
2024-12-17 00:09:22,860 - INFO - _internal.py - 127.0.0.1 - - [17/Dec/2024 00:09:22] "GET / HTTP/1.1" 200 -
2024-12-17 00:09:22,884 - INFO - _internal.py - 127.0.0.1 - - [17/Dec/2024 00:09:22] "[36mGET /static/css/Login_page.css HTTP/1.1[0m" 304 -
2024-12-17 00:09:22,898 - INFO - _internal.py - 127.0.0.1 - - [17/Dec/2024 00:09:22] "[33mGET /static/images/background.jpg HTTP/1.1[0m" 404 -
2024-12-17 00:09:28,630 - INFO - main.py - User 'zura' logged in successfully.
2024-12-17 00:09:28,632 - INFO - _internal.py - 127.0.0.1 - - [17/Dec/2024 00:09:28] "[32mPOST / HTTP/1.1[0m" 302 -
2024-12-17 00:09:28,650 - INFO - _internal.py - 127.0.0.1 - - [17/Dec/2024 00:09:28] "GET /index HTTP/1.1" 200 -
2024-12-17 00:09:28,678 - INFO - _internal.py - 127.0.0.1 - - [17/Dec/2024 00:09:28] "[36mGET /static/css/map_page.css HTTP/1.1[0m" 304 -
2024-12-17 00:09:37,224 - INFO - _internal.py - 127.0.0.1 - - [17/Dec/2024 00:09:37] "POST /index HTTP/1.1" 200 -
2024-12-17 00:09:37,251 - INFO - _internal.py - 127.0.0.1 - - [17/Dec/2024 00:09:37] "[36mGET /static/css/map_page.css HTTP/1.1[0m" 304 -
2024-12-17 00:09:37,262 - INFO - _internal.py - 127.0.0.1 - - [17/Dec/2024 00:09:37] "GET /Results/map.html HTTP/1.1" 200 -
2024-12-17 00:11:17,546 - INFO - _internal.py - 127.0.0.1 - - [17/Dec/2024 00:11:17] "POST /index HTTP/1.1" 200 -
2024-12-17 00:11:17,573 - INFO - _internal.py - 127.0.0.1 - - [17/Dec/2024 00:11:17] "[36mGET /static/css/map_page.css HTTP/1.1[0m" 304 -
2024-12-17 00:11:17,625 - INFO - _internal.py - 127.0.0.1 - - [17/Dec/2024 00:11:17] "GET /Results/map.html HTTP/1.1" 200 -
2024-12-17 00:13:38,831 - INFO - main.py - User 'zura' logged out successfully.
2024-12-17 00:13:38,833 - INFO - _internal.py - 127.0.0.1 - - [17/Dec/2024 00:13:38] "[32mGET /logout HTTP/1.1[0m" 302 -
2024-12-17 00:13:38,837 - INFO - _internal.py - 127.0.0.1 - - [17/Dec/2024 00:13:38] "GET / HTTP/1.1" 200 -
2024-12-17 00:13:38,863 - INFO - _internal.py - 127.0.0.1 - - [17/Dec/2024 00:13:38] "[36mGET /static/css/Login_page.css HTTP/1.1[0m" 304 -
2024-12-17 00:13:38,897 - INFO - _internal.py - 127.0.0.1 - - [17/Dec/2024 00:13:38] "[33mGET /static/images/background.jpg HTTP/1.1[0m" 404 -
2024-12-17 00:14:06,846 - INFO - main.py - User 'zura' logged in successfully.
2024-12-17 00:14:06,847 - INFO - _internal.py - 127.0.0.1 - - [17/Dec/2024 00:14:06] "[32mPOST / HTTP/1.1[0m" 302 -
2024-12-17 00:14:06,855 - INFO - _internal.py - 127.0.0.1 - - [17/Dec/2024 00:14:06] "GET /index HTTP/1.1" 200 -
2024-12-17 00:14:06,885 - INFO - _internal.py - 127.0.0.1 - - [17/Dec/2024 00:14:06] "[36mGET /static/css/map_page.css HTTP/1.1[0m" 304 -
2024-12-17 00:14:11,854 - INFO - Insert_to_DBM.py - Using Python interpreter: E:\ZURA KOPADZE\mapping_stca\venv\Scripts\python.exe
2024-12-17 00:14:11,854 - INFO - Insert_to_DBM.py - Script path: E:\ZURA KOPADZE\mapping_stca\DBM\create_Midpoints_Table.py
2024-12-17 00:14:15,330 - INFO - Insert_to_DBM.py - Script executed successfully from path: E:\ZURA KOPADZE\mapping_stca\DBM\create_Midpoints_Table.py
Excel file loaded successfully.
Connected to the database successfully.
Results have been saved to the Midpoints database.

2024-12-17 00:14:15,906 - INFO - main.py - File 'sourse_file.xlsx' uploaded successfully.
2024-12-17 00:14:15,908 - INFO - _internal.py - 127.0.0.1 - - [17/Dec/2024 00:14:15] "[32mPOST /upload HTTP/1.1[0m" 302 -
2024-12-17 00:14:15,917 - INFO - _internal.py - 127.0.0.1 - - [17/Dec/2024 00:14:15] "GET /index HTTP/1.1" 200 -
2024-12-17 00:14:15,945 - INFO - _internal.py - 127.0.0.1 - - [17/Dec/2024 00:14:15] "[36mGET /static/css/map_page.css HTTP/1.1[0m" 304 -
2024-12-17 00:14:22,159 - INFO - _internal.py - 127.0.0.1 - - [17/Dec/2024 00:14:22] "GET / HTTP/1.1" 200 -
2024-12-17 00:14:22,175 - INFO - _internal.py - 127.0.0.1 - - [17/Dec/2024 00:14:22] "[36mGET /static/css/Login_page.css HTTP/1.1[0m" 304 -
2024-12-17 00:14:22,214 - INFO - _internal.py - 127.0.0.1 - - [17/Dec/2024 00:14:22] "[33mGET /static/images/background.jpg HTTP/1.1[0m" 404 -
2024-12-17 00:14:27,774 - INFO - main.py - User 'gio' logged in successfully.
2024-12-17 00:14:27,775 - INFO - _internal.py - 127.0.0.1 - - [17/Dec/2024 00:14:27] "[32mPOST / HTTP/1.1[0m" 302 -
2024-12-17 00:14:27,783 - INFO - _internal.py - 127.0.0.1 - - [17/Dec/2024 00:14:27] "GET /index HTTP/1.1" 200 -
2024-12-17 00:14:27,817 - INFO - _internal.py - 127.0.0.1 - - [17/Dec/2024 00:14:27] "[36mGET /static/css/map_page.css HTTP/1.1[0m" 304 -
2024-12-17 00:14:37,050 - INFO - _internal.py - 127.0.0.1 - - [17/Dec/2024 00:14:37] "POST /index HTTP/1.1" 200 -
2024-12-17 00:14:37,073 - INFO - _internal.py - 127.0.0.1 - - [17/Dec/2024 00:14:37] "[36mGET /static/css/map_page.css HTTP/1.1[0m" 304 -
2024-12-17 00:14:37,111 - INFO - _internal.py - 127.0.0.1 - - [17/Dec/2024 00:14:37] "GET /Results/map.html HTTP/1.1" 200 -
2024-12-17 00:18:18,999 - INFO - _internal.py - 127.0.0.1 - - [17/Dec/2024 00:18:18] "POST /index HTTP/1.1" 200 -
2024-12-17 00:18:19,023 - INFO - _internal.py - 127.0.0.1 - - [17/Dec/2024 00:18:19] "[36mGET /static/css/map_page.css HTTP/1.1[0m" 304 -
2024-12-17 00:18:19,105 - INFO - _internal.py - 127.0.0.1 - - [17/Dec/2024 00:18:19] "GET /Results/map.html HTTP/1.1" 200 -
2024-12-17 00:19:04,545 - INFO - main.py - User 'gio' logged out successfully.
2024-12-17 00:19:04,547 - INFO - _internal.py - 127.0.0.1 - - [17/Dec/2024 00:19:04] "[32mGET /logout HTTP/1.1[0m" 302 -
2024-12-17 00:19:04,552 - INFO - _internal.py - 127.0.0.1 - - [17/Dec/2024 00:19:04] "GET / HTTP/1.1" 200 -
2024-12-17 00:19:04,581 - INFO - _internal.py - 127.0.0.1 - - [17/Dec/2024 00:19:04] "[36mGET /static/css/Login_page.css HTTP/1.1[0m" 304 -
2024-12-17 00:19:04,602 - INFO - _internal.py - 127.0.0.1 - - [17/Dec/2024 00:19:04] "[33mGET /static/images/background.jpg HTTP/1.1[0m" 404 -
2024-12-17 00:19:10,181 - INFO - main.py - User 'zura' logged in successfully.
2024-12-17 00:19:10,182 - INFO - _internal.py - 127.0.0.1 - - [17/Dec/2024 00:19:10] "[32mPOST / HTTP/1.1[0m" 302 -
2024-12-17 00:19:10,190 - INFO - _internal.py - 127.0.0.1 - - [17/Dec/2024 00:19:10] "GET /index HTTP/1.1" 200 -
2024-12-17 00:19:10,225 - INFO - _internal.py - 127.0.0.1 - - [17/Dec/2024 00:19:10] "[36mGET /static/css/map_page.css HTTP/1.1[0m" 304 -
2024-12-17 00:19:19,999 - INFO - _internal.py - 127.0.0.1 - - [17/Dec/2024 00:19:19] "POST /index HTTP/1.1" 200 -
2024-12-17 00:19:20,026 - INFO - _internal.py - 127.0.0.1 - - [17/Dec/2024 00:19:20] "[36mGET /static/css/map_page.css HTTP/1.1[0m" 304 -
2024-12-17 00:19:20,040 - INFO - _internal.py - 127.0.0.1 - - [17/Dec/2024 00:19:20] "GET /Results/map.html HTTP/1.1" 200 -
2024-12-17 00:19:49,842 - INFO - main.py - User 'zura' logged out successfully.
2024-12-17 00:19:49,844 - INFO - _internal.py - 127.0.0.1 - - [17/Dec/2024 00:19:49] "[32mGET /logout HTTP/1.1[0m" 302 -
2024-12-17 00:19:49,850 - INFO - _internal.py - 127.0.0.1 - - [17/Dec/2024 00:19:49] "GET / HTTP/1.1" 200 -
2024-12-17 00:19:49,882 - INFO - _internal.py - 127.0.0.1 - - [17/Dec/2024 00:19:49] "[36mGET /static/css/Login_page.css HTTP/1.1[0m" 304 -
2024-12-17 00:19:50,172 - INFO - _internal.py - 127.0.0.1 - - [17/Dec/2024 00:19:50] "[33mGET /static/images/background.jpg HTTP/1.1[0m" 404 -
2024-12-17 08:15:14,628 - INFO - main.py - Flask application is shutting down.
2024-12-17 08:51:53,330 - INFO - _internal.py - [31m[1mWARNING: This is a development server. Do not use it in a production deployment. Use a production WSGI server instead.[0m
 * Running on all addresses (0.0.0.0)
 * Running on http://127.0.0.1:80
 * Running on http://172.16.12.13:80
2024-12-17 08:51:53,330 - INFO - _internal.py - [33mPress CTRL+C to quit[0m
2024-12-17 08:51:56,643 - INFO - _internal.py - 127.0.0.1 - - [17/Dec/2024 08:51:56] "GET / HTTP/1.1" 200 -
2024-12-17 08:51:56,669 - INFO - _internal.py - 127.0.0.1 - - [17/Dec/2024 08:51:56] "[36mGET /static/css/Login_page.css HTTP/1.1[0m" 304 -
2024-12-17 08:51:56,682 - INFO - _internal.py - 127.0.0.1 - - [17/Dec/2024 08:51:56] "[33mGET /static/images/background.jpg HTTP/1.1[0m" 404 -
2024-12-17 08:52:01,782 - INFO - main.py - User 'zura' logged in successfully.
2024-12-17 08:52:01,783 - INFO - _internal.py - 127.0.0.1 - - [17/Dec/2024 08:52:01] "[32mPOST / HTTP/1.1[0m" 302 -
2024-12-17 08:52:01,802 - INFO - _internal.py - 127.0.0.1 - - [17/Dec/2024 08:52:01] "GET /index HTTP/1.1" 200 -
2024-12-17 08:52:01,831 - INFO - _internal.py - 127.0.0.1 - - [17/Dec/2024 08:52:01] "[36mGET /static/css/map_page.css HTTP/1.1[0m" 304 -
2024-12-17 08:52:09,178 - INFO - _internal.py - 127.0.0.1 - - [17/Dec/2024 08:52:09] "POST /index HTTP/1.1" 200 -
2024-12-17 08:52:09,206 - INFO - _internal.py - 127.0.0.1 - - [17/Dec/2024 08:52:09] "[36mGET /static/css/map_page.css HTTP/1.1[0m" 304 -
2024-12-17 08:52:09,216 - INFO - _internal.py - 127.0.0.1 - - [17/Dec/2024 08:52:09] "GET /Results/map.html HTTP/1.1" 200 -
2024-12-17 09:11:24,918 - INFO - main.py - Flask application is shutting down.
2024-12-20 09:38:07,374 - INFO - _internal.py - [31m[1mWARNING: This is a development server. Do not use it in a production deployment. Use a production WSGI server instead.[0m
 * Running on all addresses (0.0.0.0)
 * Running on http://127.0.0.1:80
 * Running on http://172.16.12.13:80
2024-12-20 09:38:07,374 - INFO - _internal.py - [33mPress CTRL+C to quit[0m
2024-12-20 09:38:18,561 - INFO - _internal.py - 127.0.0.1 - - [20/Dec/2024 09:38:18] "GET / HTTP/1.1" 200 -
2024-12-20 09:38:18,624 - INFO - _internal.py - 127.0.0.1 - - [20/Dec/2024 09:38:18] "GET /static/css/Login_page.css HTTP/1.1" 200 -
2024-12-20 09:38:18,629 - INFO - _internal.py - 127.0.0.1 - - [20/Dec/2024 09:38:18] "[33mGET /favicon.ico HTTP/1.1[0m" 404 -
2024-12-20 09:38:18,635 - INFO - _internal.py - 127.0.0.1 - - [20/Dec/2024 09:38:18] "[33mGET /static/images/background.jpg HTTP/1.1[0m" 404 -
2024-12-20 09:38:31,054 - INFO - main.py - User 'zura' logged in successfully.
2024-12-20 09:38:31,055 - INFO - _internal.py - 127.0.0.1 - - [20/Dec/2024 09:38:31] "[32mPOST / HTTP/1.1[0m" 302 -
2024-12-20 09:38:31,101 - INFO - _internal.py - 127.0.0.1 - - [20/Dec/2024 09:38:31] "GET /index HTTP/1.1" 200 -
2024-12-20 09:38:31,173 - INFO - _internal.py - 127.0.0.1 - - [20/Dec/2024 09:38:31] "GET /static/css/map_page.css HTTP/1.1" 200 -
2024-12-20 09:38:31,323 - INFO - _internal.py - 127.0.0.1 - - [20/Dec/2024 09:38:31] "GET /static/favicon.ico HTTP/1.1" 200 -
2024-12-20 09:38:58,415 - INFO - _internal.py - 127.0.0.1 - - [20/Dec/2024 09:38:58] "POST /index HTTP/1.1" 200 -
2024-12-20 09:38:58,445 - INFO - _internal.py - 127.0.0.1 - - [20/Dec/2024 09:38:58] "GET /static/css/map_page.css HTTP/1.1" 200 -
2024-12-20 09:38:58,445 - INFO - _internal.py - 127.0.0.1 - - [20/Dec/2024 09:38:58] "GET /Results/map.html HTTP/1.1" 200 -
2024-12-20 09:42:27,940 - INFO - _internal.py - 127.0.0.1 - - [20/Dec/2024 09:42:27] "GET / HTTP/1.1" 200 -
2024-12-20 09:42:27,957 - INFO - _internal.py - 127.0.0.1 - - [20/Dec/2024 09:42:27] "[36mGET /static/css/Login_page.css HTTP/1.1[0m" 304 -
2024-12-20 09:42:28,023 - INFO - _internal.py - 127.0.0.1 - - [20/Dec/2024 09:42:28] "[33mGET /static/images/background.jpg HTTP/1.1[0m" 404 -
2024-12-20 09:42:28,037 - INFO - _internal.py - 127.0.0.1 - - [20/Dec/2024 09:42:28] "[33mGET /favicon.ico HTTP/1.1[0m" 404 -
2024-12-20 09:42:33,497 - INFO - main.py - User 'zura' logged in successfully.
2024-12-20 09:42:33,499 - INFO - _internal.py - 127.0.0.1 - - [20/Dec/2024 09:42:33] "[32mPOST / HTTP/1.1[0m" 302 -
2024-12-20 09:42:33,507 - INFO - _internal.py - 127.0.0.1 - - [20/Dec/2024 09:42:33] "GET /index HTTP/1.1" 200 -
2024-12-20 09:42:33,545 - INFO - _internal.py - 127.0.0.1 - - [20/Dec/2024 09:42:33] "[36mGET /static/css/map_page.css HTTP/1.1[0m" 304 -
2024-12-20 09:42:40,476 - INFO - _internal.py - 127.0.0.1 - - [20/Dec/2024 09:42:40] "POST /index HTTP/1.1" 200 -
2024-12-20 09:42:40,497 - INFO - _internal.py - 127.0.0.1 - - [20/Dec/2024 09:42:40] "[36mGET /static/css/map_page.css HTTP/1.1[0m" 304 -
2024-12-20 09:42:40,504 - INFO - _internal.py - 127.0.0.1 - - [20/Dec/2024 09:42:40] "GET /Results/map.html HTTP/1.1" 200 -
2024-12-20 09:54:11,836 - INFO - main.py - Flask application is shutting down.
2024-12-20 09:54:20,785 - INFO - _internal.py - [31m[1mWARNING: This is a development server. Do not use it in a production deployment. Use a production WSGI server instead.[0m
 * Running on all addresses (0.0.0.0)
 * Running on http://127.0.0.1:80
 * Running on http://172.16.12.13:80
2024-12-20 09:54:20,785 - INFO - _internal.py - [33mPress CTRL+C to quit[0m
2024-12-20 09:54:22,666 - INFO - _internal.py - 127.0.0.1 - - [20/Dec/2024 09:54:22] "GET / HTTP/1.1" 200 -
2024-12-20 09:54:22,688 - INFO - _internal.py - 127.0.0.1 - - [20/Dec/2024 09:54:22] "[36mGET /static/css/Login_page.css HTTP/1.1[0m" 304 -
2024-12-20 09:54:22,699 - INFO - _internal.py - 127.0.0.1 - - [20/Dec/2024 09:54:22] "[33mGET /static/images/background.jpg HTTP/1.1[0m" 404 -
2024-12-20 09:54:27,288 - INFO - main.py - User 'zura' logged in successfully.
2024-12-20 09:54:27,289 - INFO - _internal.py - 127.0.0.1 - - [20/Dec/2024 09:54:27] "[32mPOST / HTTP/1.1[0m" 302 -
2024-12-20 09:54:27,308 - INFO - _internal.py - 127.0.0.1 - - [20/Dec/2024 09:54:27] "GET /index HTTP/1.1" 200 -
2024-12-20 09:54:27,337 - INFO - _internal.py - 127.0.0.1 - - [20/Dec/2024 09:54:27] "[36mGET /static/css/map_page.css HTTP/1.1[0m" 304 -
2024-12-20 09:54:34,968 - ERROR - app.py - Exception on /index [POST]
Traceback (most recent call last):
  File "E:\ZURA KOPADZE\mapping_stca\venv\lib\site-packages\flask\app.py", line 2529, in wsgi_app
    response = self.full_dispatch_request()
  File "E:\ZURA KOPADZE\mapping_stca\venv\lib\site-packages\flask\app.py", line 1825, in full_dispatch_request
    rv = self.handle_user_exception(e)
  File "E:\ZURA KOPADZE\mapping_stca\venv\lib\site-packages\flask\app.py", line 1823, in full_dispatch_request
    rv = self.dispatch_request()
  File "E:\ZURA KOPADZE\mapping_stca\venv\lib\site-packages\flask\app.py", line 1799, in dispatch_request
    return self.ensure_sync(self.view_functions[rule.endpoint])(**view_args)
  File "E:\ZURA KOPADZE\mapping_stca\venv\lib\site-packages\flask_login\utils.py", line 290, in decorated_view
    return current_app.ensure_sync(func)(*args, **kwargs)
  File "E:\ZURA KOPADZE\mapping_stca\main.py", line 100, in index
    real_percentage, suspicious_percentage, warning_message = create_map(
NameError: name 'create_map' is not defined
2024-12-20 09:54:35,040 - INFO - _internal.py - 127.0.0.1 - - [20/Dec/2024 09:54:35] "[35m[1mPOST /index HTTP/1.1[0m" 500 -
2024-12-20 09:55:13,092 - INFO - main.py - Flask application is shutting down.
2024-12-20 09:56:00,130 - INFO - _internal.py - [31m[1mWARNING: This is a development server. Do not use it in a production deployment. Use a production WSGI server instead.[0m
 * Running on all addresses (0.0.0.0)
 * Running on http://127.0.0.1:80
 * Running on http://172.16.12.13:80
2024-12-20 09:56:00,130 - INFO - _internal.py - [33mPress CTRL+C to quit[0m
2024-12-20 09:56:02,617 - INFO - _internal.py - 127.0.0.1 - - [20/Dec/2024 09:56:02] "GET / HTTP/1.1" 200 -
2024-12-20 09:56:02,642 - INFO - _internal.py - 127.0.0.1 - - [20/Dec/2024 09:56:02] "[36mGET /static/css/Login_page.css HTTP/1.1[0m" 304 -
2024-12-20 09:56:02,658 - INFO - _internal.py - 127.0.0.1 - - [20/Dec/2024 09:56:02] "[33mGET /static/images/background.jpg HTTP/1.1[0m" 404 -
2024-12-20 09:56:07,604 - WARNING - main.py - Failed login attempt for username: 'zura'.
2024-12-20 09:56:07,606 - INFO - _internal.py - 127.0.0.1 - - [20/Dec/2024 09:56:07] "POST / HTTP/1.1" 200 -
2024-12-20 09:56:07,628 - INFO - _internal.py - 127.0.0.1 - - [20/Dec/2024 09:56:07] "[36mGET /static/css/Login_page.css HTTP/1.1[0m" 304 -
2024-12-20 09:56:07,641 - INFO - _internal.py - 127.0.0.1 - - [20/Dec/2024 09:56:07] "[33mGET /static/images/background.jpg HTTP/1.1[0m" 404 -
2024-12-20 09:56:12,519 - INFO - main.py - User 'zura' logged in successfully.
2024-12-20 09:56:12,520 - INFO - _internal.py - 127.0.0.1 - - [20/Dec/2024 09:56:12] "[32mPOST / HTTP/1.1[0m" 302 -
2024-12-20 09:56:12,538 - INFO - _internal.py - 127.0.0.1 - - [20/Dec/2024 09:56:12] "GET /index HTTP/1.1" 200 -
2024-12-20 09:56:12,559 - INFO - _internal.py - 127.0.0.1 - - [20/Dec/2024 09:56:12] "[36mGET /static/css/map_page.css HTTP/1.1[0m" 304 -
2024-12-20 09:56:18,350 - INFO - _internal.py - 127.0.0.1 - - [20/Dec/2024 09:56:18] "POST /index HTTP/1.1" 200 -
2024-12-20 09:56:18,370 - INFO - _internal.py - 127.0.0.1 - - [20/Dec/2024 09:56:18] "[36mGET /static/css/map_page.css HTTP/1.1[0m" 304 -
2024-12-20 09:56:18,379 - INFO - _internal.py - 127.0.0.1 - - [20/Dec/2024 09:56:18] "GET /Results/map.html HTTP/1.1" 200 -
2024-12-20 09:57:16,975 - INFO - main.py - Flask application is shutting down.
2024-12-20 09:58:35,593 - INFO - _internal.py - [31m[1mWARNING: This is a development server. Do not use it in a production deployment. Use a production WSGI server instead.[0m
 * Running on all addresses (0.0.0.0)
 * Running on http://127.0.0.1:80
 * Running on http://172.16.12.13:80
2024-12-20 09:58:35,593 - INFO - _internal.py - [33mPress CTRL+C to quit[0m
2024-12-20 09:58:37,103 - INFO - _internal.py - 127.0.0.1 - - [20/Dec/2024 09:58:37] "GET / HTTP/1.1" 200 -
2024-12-20 09:58:37,125 - INFO - _internal.py - 127.0.0.1 - - [20/Dec/2024 09:58:37] "[36mGET /static/css/Login_page.css HTTP/1.1[0m" 304 -
2024-12-20 09:58:37,139 - INFO - _internal.py - 127.0.0.1 - - [20/Dec/2024 09:58:37] "[33mGET /static/images/background.jpg HTTP/1.1[0m" 404 -
2024-12-20 09:58:43,488 - INFO - main.py - User 'zura' logged in successfully.
2024-12-20 09:58:43,489 - INFO - _internal.py - 127.0.0.1 - - [20/Dec/2024 09:58:43] "[32mPOST / HTTP/1.1[0m" 302 -
2024-12-20 09:58:43,508 - INFO - _internal.py - 127.0.0.1 - - [20/Dec/2024 09:58:43] "GET /index HTTP/1.1" 200 -
2024-12-20 09:58:43,538 - INFO - _internal.py - 127.0.0.1 - - [20/Dec/2024 09:58:43] "[36mGET /static/css/map_page.css HTTP/1.1[0m" 304 -
2024-12-20 09:58:55,827 - INFO - _internal.py - 127.0.0.1 - - [20/Dec/2024 09:58:55] "POST /index HTTP/1.1" 200 -
2024-12-20 09:58:55,852 - INFO - _internal.py - 127.0.0.1 - - [20/Dec/2024 09:58:55] "[36mGET /static/css/map_page.css HTTP/1.1[0m" 304 -
2024-12-20 09:58:55,857 - INFO - _internal.py - 127.0.0.1 - - [20/Dec/2024 09:58:55] "GET /Results/map.html HTTP/1.1" 200 -
2024-12-20 09:59:08,963 - INFO - _internal.py - 127.0.0.1 - - [20/Dec/2024 09:59:08] "POST /index HTTP/1.1" 200 -
2024-12-20 09:59:08,988 - INFO - _internal.py - 127.0.0.1 - - [20/Dec/2024 09:59:08] "[36mGET /static/css/map_page.css HTTP/1.1[0m" 304 -
2024-12-20 09:59:08,996 - INFO - _internal.py - 127.0.0.1 - - [20/Dec/2024 09:59:08] "GET /Results/map.html HTTP/1.1" 200 -
2024-12-20 10:04:45,662 - INFO - main.py - User 'zura' logged out successfully.
2024-12-20 10:04:45,663 - INFO - _internal.py - 127.0.0.1 - - [20/Dec/2024 10:04:45] "[32mGET /logout HTTP/1.1[0m" 302 -
2024-12-20 10:04:45,668 - INFO - _internal.py - 127.0.0.1 - - [20/Dec/2024 10:04:45] "GET / HTTP/1.1" 200 -
2024-12-20 10:04:45,688 - INFO - _internal.py - 127.0.0.1 - - [20/Dec/2024 10:04:45] "[36mGET /static/css/Login_page.css HTTP/1.1[0m" 304 -
2024-12-20 10:04:45,699 - INFO - _internal.py - 127.0.0.1 - - [20/Dec/2024 10:04:45] "[33mGET /static/images/background.jpg HTTP/1.1[0m" 404 -
2024-12-20 10:31:20,949 - INFO - main.py - Flask application is shutting down.
2024-12-20 10:31:29,169 - INFO - _internal.py - [31m[1mWARNING: This is a development server. Do not use it in a production deployment. Use a production WSGI server instead.[0m
 * Running on all addresses (0.0.0.0)
 * Running on http://127.0.0.1:80
 * Running on http://172.16.12.13:80
2024-12-20 10:31:29,169 - INFO - _internal.py - [33mPress CTRL+C to quit[0m
2024-12-20 10:31:29,238 - INFO - _internal.py - 127.0.0.1 - - [20/Dec/2024 10:31:29] "GET / HTTP/1.1" 200 -
2024-12-20 10:31:29,255 - INFO - _internal.py - 127.0.0.1 - - [20/Dec/2024 10:31:29] "[36mGET /static/css/Login_page.css HTTP/1.1[0m" 304 -
2024-12-20 10:31:29,263 - INFO - _internal.py - 127.0.0.1 - - [20/Dec/2024 10:31:29] "[33mGET /static/images/background.jpg HTTP/1.1[0m" 404 -
2024-12-20 10:31:34,225 - INFO - main.py - User 'zura' logged in successfully.
2024-12-20 10:31:34,226 - INFO - _internal.py - 127.0.0.1 - - [20/Dec/2024 10:31:34] "[32mPOST / HTTP/1.1[0m" 302 -
2024-12-20 10:31:34,244 - INFO - _internal.py - 127.0.0.1 - - [20/Dec/2024 10:31:34] "GET /index HTTP/1.1" 200 -
2024-12-20 10:31:34,275 - INFO - _internal.py - 127.0.0.1 - - [20/Dec/2024 10:31:34] "[36mGET /static/css/map_page.css HTTP/1.1[0m" 304 -
2024-12-20 10:31:37,462 - INFO - _internal.py - 127.0.0.1 - - [20/Dec/2024 10:31:37] "[36mGET /static/css/map_page.css HTTP/1.1[0m" 304 -
2024-12-20 10:32:59,044 - INFO - main.py - Flask application is shutting down.
2024-12-20 10:59:21,644 - INFO - _internal.py - [31m[1mWARNING: This is a development server. Do not use it in a production deployment. Use a production WSGI server instead.[0m
 * Running on all addresses (0.0.0.0)
 * Running on http://127.0.0.1:80
 * Running on http://172.16.12.13:80
2024-12-20 10:59:21,671 - INFO - _internal.py - [33mPress CTRL+C to quit[0m
2024-12-20 10:59:32,970 - INFO - _internal.py - 127.0.0.1 - - [20/Dec/2024 10:59:32] "GET / HTTP/1.1" 200 -
2024-12-20 10:59:33,025 - INFO - _internal.py - 127.0.0.1 - - [20/Dec/2024 10:59:33] "[36mGET /static/css/Login_page.css HTTP/1.1[0m" 304 -
2024-12-20 10:59:33,105 - INFO - _internal.py - 127.0.0.1 - - [20/Dec/2024 10:59:33] "[33mGET /static/images/background.jpg HTTP/1.1[0m" 404 -
2024-12-20 10:59:33,158 - INFO - _internal.py - 127.0.0.1 - - [20/Dec/2024 10:59:33] "[33mGET /favicon.ico HTTP/1.1[0m" 404 -
2024-12-20 10:59:38,340 - INFO - main.py - User 'zura' logged in successfully.
2024-12-20 10:59:38,370 - INFO - _internal.py - 127.0.0.1 - - [20/Dec/2024 10:59:38] "[32mPOST / HTTP/1.1[0m" 302 -
2024-12-20 10:59:38,449 - INFO - _internal.py - 127.0.0.1 - - [20/Dec/2024 10:59:38] "GET /index HTTP/1.1" 200 -
2024-12-20 10:59:38,537 - INFO - _internal.py - 127.0.0.1 - - [20/Dec/2024 10:59:38] "[36mGET /static/css/map_page.css HTTP/1.1[0m" 304 -
2024-12-20 10:59:49,721 - INFO - _internal.py - 127.0.0.1 - - [20/Dec/2024 10:59:49] "POST /index HTTP/1.1" 200 -
2024-12-20 10:59:49,739 - INFO - _internal.py - 127.0.0.1 - - [20/Dec/2024 10:59:49] "[36mGET /static/css/map_page.css HTTP/1.1[0m" 304 -
2024-12-20 10:59:49,801 - INFO - _internal.py - 127.0.0.1 - - [20/Dec/2024 10:59:49] "GET /Results/map.html HTTP/1.1" 200 -
2024-12-20 10:59:55,098 - INFO - _internal.py - 127.0.0.1 - - [20/Dec/2024 10:59:55] "POST /index HTTP/1.1" 200 -
2024-12-20 10:59:55,119 - INFO - _internal.py - 127.0.0.1 - - [20/Dec/2024 10:59:55] "[36mGET /static/css/map_page.css HTTP/1.1[0m" 304 -
2024-12-20 10:59:55,310 - INFO - _internal.py - 127.0.0.1 - - [20/Dec/2024 10:59:55] "GET /Results/map.html HTTP/1.1" 200 -
2024-12-20 10:59:59,449 - INFO - _internal.py - 127.0.0.1 - - [20/Dec/2024 10:59:59] "POST /index HTTP/1.1" 200 -
2024-12-20 10:59:59,472 - INFO - _internal.py - 127.0.0.1 - - [20/Dec/2024 10:59:59] "[36mGET /static/css/map_page.css HTTP/1.1[0m" 304 -
2024-12-20 10:59:59,670 - INFO - _internal.py - 127.0.0.1 - - [20/Dec/2024 10:59:59] "GET /Results/map.html HTTP/1.1" 200 -
2024-12-20 11:00:06,235 - INFO - _internal.py - 127.0.0.1 - - [20/Dec/2024 11:00:06] "POST /index HTTP/1.1" 200 -
2024-12-20 11:00:06,252 - INFO - _internal.py - 127.0.0.1 - - [20/Dec/2024 11:00:06] "[36mGET /static/css/map_page.css HTTP/1.1[0m" 304 -
2024-12-20 11:00:06,273 - INFO - _internal.py - 127.0.0.1 - - [20/Dec/2024 11:00:06] "GET /Results/map.html HTTP/1.1" 200 -
2024-12-20 11:00:09,761 - INFO - _internal.py - 127.0.0.1 - - [20/Dec/2024 11:00:09] "POST /index HTTP/1.1" 200 -
2024-12-20 11:00:09,781 - INFO - _internal.py - 127.0.0.1 - - [20/Dec/2024 11:00:09] "[36mGET /static/css/map_page.css HTTP/1.1[0m" 304 -
2024-12-20 11:00:09,812 - INFO - _internal.py - 127.0.0.1 - - [20/Dec/2024 11:00:09] "GET /Results/map.html HTTP/1.1" 200 -
2024-12-20 11:00:16,806 - INFO - _internal.py - 127.0.0.1 - - [20/Dec/2024 11:00:16] "POST /index HTTP/1.1" 200 -
2024-12-20 11:00:16,826 - INFO - _internal.py - 127.0.0.1 - - [20/Dec/2024 11:00:16] "[36mGET /static/css/map_page.css HTTP/1.1[0m" 304 -
2024-12-20 11:00:17,015 - INFO - _internal.py - 127.0.0.1 - - [20/Dec/2024 11:00:17] "GET /Results/map.html HTTP/1.1" 200 -
2024-12-20 11:00:23,020 - INFO - main.py - User 'zura' logged out successfully.
2024-12-20 11:00:23,021 - INFO - _internal.py - 127.0.0.1 - - [20/Dec/2024 11:00:23] "[32mGET /logout HTTP/1.1[0m" 302 -
2024-12-20 11:00:23,026 - INFO - _internal.py - 127.0.0.1 - - [20/Dec/2024 11:00:23] "GET / HTTP/1.1" 200 -
2024-12-20 11:00:23,043 - INFO - _internal.py - 127.0.0.1 - - [20/Dec/2024 11:00:23] "[36mGET /static/css/Login_page.css HTTP/1.1[0m" 304 -
2024-12-20 11:00:23,294 - INFO - _internal.py - 127.0.0.1 - - [20/Dec/2024 11:00:23] "[33mGET /static/images/background.jpg HTTP/1.1[0m" 404 -
2024-12-20 11:20:52,852 - INFO - main.py - Flask application is shutting down.
2024-12-20 11:21:07,667 - INFO - _internal.py - [31m[1mWARNING: This is a development server. Do not use it in a production deployment. Use a production WSGI server instead.[0m
 * Running on all addresses (0.0.0.0)
 * Running on http://127.0.0.1:80
 * Running on http://172.16.12.13:80
2024-12-20 11:21:07,668 - INFO - _internal.py - [33mPress CTRL+C to quit[0m
2024-12-20 11:21:08,111 - INFO - _internal.py - 127.0.0.1 - - [20/Dec/2024 11:21:08] "GET / HTTP/1.1" 200 -
2024-12-20 11:21:08,141 - INFO - _internal.py - 127.0.0.1 - - [20/Dec/2024 11:21:08] "[36mGET /static/css/Login_page.css HTTP/1.1[0m" 304 -
2024-12-20 11:21:08,161 - INFO - _internal.py - 127.0.0.1 - - [20/Dec/2024 11:21:08] "[33mGET /static/images/background.jpg HTTP/1.1[0m" 404 -
2024-12-20 11:21:14,894 - WARNING - main.py - Failed login attempt for username: 'zura'.
2024-12-20 11:21:14,896 - INFO - _internal.py - 127.0.0.1 - - [20/Dec/2024 11:21:14] "POST / HTTP/1.1" 200 -
2024-12-20 11:21:14,911 - INFO - _internal.py - 127.0.0.1 - - [20/Dec/2024 11:21:14] "[36mGET /static/css/Login_page.css HTTP/1.1[0m" 304 -
2024-12-20 11:21:14,927 - INFO - _internal.py - 127.0.0.1 - - [20/Dec/2024 11:21:14] "[33mGET /static/images/background.jpg HTTP/1.1[0m" 404 -
2024-12-20 11:21:20,577 - WARNING - main.py - Failed login attempt for username: 'zura'.
2024-12-20 11:21:20,578 - INFO - _internal.py - 127.0.0.1 - - [20/Dec/2024 11:21:20] "POST / HTTP/1.1" 200 -
2024-12-20 11:21:20,594 - INFO - _internal.py - 127.0.0.1 - - [20/Dec/2024 11:21:20] "[36mGET /static/css/Login_page.css HTTP/1.1[0m" 304 -
2024-12-20 11:21:33,087 - WARNING - main.py - Failed login attempt for username: 'zura'.
2024-12-20 11:21:33,088 - INFO - _internal.py - 127.0.0.1 - - [20/Dec/2024 11:21:33] "POST / HTTP/1.1" 200 -
2024-12-20 11:21:33,104 - INFO - _internal.py - 127.0.0.1 - - [20/Dec/2024 11:21:33] "[36mGET /static/css/Login_page.css HTTP/1.1[0m" 304 -
2024-12-20 11:21:40,631 - WARNING - main.py - Failed login attempt for username: 'zura'.
2024-12-20 11:21:40,633 - INFO - _internal.py - 127.0.0.1 - - [20/Dec/2024 11:21:40] "POST / HTTP/1.1" 200 -
2024-12-20 11:21:40,647 - INFO - _internal.py - 127.0.0.1 - - [20/Dec/2024 11:21:40] "[36mGET /static/css/Login_page.css HTTP/1.1[0m" 304 -
2024-12-20 11:21:49,524 - INFO - main.py - User 'zura' logged in successfully.
2024-12-20 11:21:49,525 - INFO - _internal.py - 127.0.0.1 - - [20/Dec/2024 11:21:49] "[32mPOST / HTTP/1.1[0m" 302 -
2024-12-20 11:21:49,543 - INFO - _internal.py - 127.0.0.1 - - [20/Dec/2024 11:21:49] "GET /index HTTP/1.1" 200 -
2024-12-20 11:21:49,564 - INFO - _internal.py - 127.0.0.1 - - [20/Dec/2024 11:21:49] "[36mGET /static/css/map_page.css HTTP/1.1[0m" 304 -
2024-12-20 11:21:56,610 - INFO - _internal.py - 127.0.0.1 - - [20/Dec/2024 11:21:56] "POST /index HTTP/1.1" 200 -
2024-12-20 11:21:56,627 - INFO - _internal.py - 127.0.0.1 - - [20/Dec/2024 11:21:56] "[36mGET /static/css/map_page.css HTTP/1.1[0m" 304 -
2024-12-20 11:21:56,651 - INFO - _internal.py - 127.0.0.1 - - [20/Dec/2024 11:21:56] "GET /Results/map.html HTTP/1.1" 200 -
2024-12-20 11:22:57,741 - INFO - _internal.py - 127.0.0.1 - - [20/Dec/2024 11:22:57] "POST /index HTTP/1.1" 200 -
2024-12-20 11:22:57,758 - INFO - _internal.py - 127.0.0.1 - - [20/Dec/2024 11:22:57] "[36mGET /static/css/map_page.css HTTP/1.1[0m" 304 -
2024-12-20 11:22:57,813 - INFO - _internal.py - 127.0.0.1 - - [20/Dec/2024 11:22:57] "GET /Results/map.html HTTP/1.1" 200 -
2024-12-20 11:23:02,626 - INFO - _internal.py - 127.0.0.1 - - [20/Dec/2024 11:23:02] "POST /index HTTP/1.1" 200 -
2024-12-20 11:23:02,647 - INFO - _internal.py - 127.0.0.1 - - [20/Dec/2024 11:23:02] "[36mGET /static/css/map_page.css HTTP/1.1[0m" 304 -
2024-12-20 11:23:02,692 - INFO - _internal.py - 127.0.0.1 - - [20/Dec/2024 11:23:02] "GET /Results/map.html HTTP/1.1" 200 -
2024-12-20 11:23:14,906 - INFO - _internal.py - 127.0.0.1 - - [20/Dec/2024 11:23:14] "POST /index HTTP/1.1" 200 -
2024-12-20 11:23:14,923 - INFO - _internal.py - 127.0.0.1 - - [20/Dec/2024 11:23:14] "[36mGET /static/css/map_page.css HTTP/1.1[0m" 304 -
2024-12-20 11:23:14,985 - INFO - _internal.py - 127.0.0.1 - - [20/Dec/2024 11:23:14] "GET /Results/map.html HTTP/1.1" 200 -
2024-12-20 11:23:19,494 - INFO - _internal.py - 127.0.0.1 - - [20/Dec/2024 11:23:19] "POST /index HTTP/1.1" 200 -
2024-12-20 11:23:19,516 - INFO - _internal.py - 127.0.0.1 - - [20/Dec/2024 11:23:19] "[36mGET /static/css/map_page.css HTTP/1.1[0m" 304 -
2024-12-20 11:23:19,662 - INFO - _internal.py - 127.0.0.1 - - [20/Dec/2024 11:23:19] "GET /Results/map.html HTTP/1.1" 200 -
2024-12-20 11:23:29,741 - INFO - _internal.py - 127.0.0.1 - - [20/Dec/2024 11:23:29] "POST /index HTTP/1.1" 200 -
2024-12-20 11:23:29,759 - INFO - _internal.py - 127.0.0.1 - - [20/Dec/2024 11:23:29] "[36mGET /static/css/map_page.css HTTP/1.1[0m" 304 -
2024-12-20 11:23:29,777 - INFO - _internal.py - 127.0.0.1 - - [20/Dec/2024 11:23:29] "GET /Results/map.html HTTP/1.1" 200 -
2024-12-20 11:23:34,751 - INFO - _internal.py - 127.0.0.1 - - [20/Dec/2024 11:23:34] "POST /index HTTP/1.1" 200 -
2024-12-20 11:23:34,775 - INFO - _internal.py - 127.0.0.1 - - [20/Dec/2024 11:23:34] "[36mGET /static/css/map_page.css HTTP/1.1[0m" 304 -
2024-12-20 11:23:34,794 - INFO - _internal.py - 127.0.0.1 - - [20/Dec/2024 11:23:34] "GET /Results/map.html HTTP/1.1" 200 -
2024-12-20 11:23:45,023 - INFO - _internal.py - 127.0.0.1 - - [20/Dec/2024 11:23:45] "POST /index HTTP/1.1" 200 -
2024-12-20 11:23:45,042 - INFO - _internal.py - 127.0.0.1 - - [20/Dec/2024 11:23:45] "[36mGET /static/css/map_page.css HTTP/1.1[0m" 304 -
2024-12-20 11:23:45,071 - INFO - _internal.py - 127.0.0.1 - - [20/Dec/2024 11:23:45] "GET /Results/map.html HTTP/1.1" 200 -
2024-12-20 11:23:56,183 - INFO - _internal.py - 127.0.0.1 - - [20/Dec/2024 11:23:56] "POST /index HTTP/1.1" 200 -
2024-12-20 11:23:56,209 - INFO - _internal.py - 127.0.0.1 - - [20/Dec/2024 11:23:56] "[36mGET /static/css/map_page.css HTTP/1.1[0m" 304 -
2024-12-20 11:23:56,359 - INFO - _internal.py - 127.0.0.1 - - [20/Dec/2024 11:23:56] "GET /Results/map.html HTTP/1.1" 200 -
2024-12-20 11:24:34,733 - INFO - _internal.py - 127.0.0.1 - - [20/Dec/2024 11:24:34] "POST /index HTTP/1.1" 200 -
2024-12-20 11:24:34,757 - INFO - _internal.py - 127.0.0.1 - - [20/Dec/2024 11:24:34] "[36mGET /static/css/map_page.css HTTP/1.1[0m" 304 -
2024-12-20 11:24:34,789 - INFO - _internal.py - 127.0.0.1 - - [20/Dec/2024 11:24:34] "GET /Results/map.html HTTP/1.1" 200 -
2024-12-20 11:24:43,623 - INFO - _internal.py - 127.0.0.1 - - [20/Dec/2024 11:24:43] "POST /index HTTP/1.1" 200 -
2024-12-20 11:24:43,647 - INFO - _internal.py - 127.0.0.1 - - [20/Dec/2024 11:24:43] "[36mGET /static/css/map_page.css HTTP/1.1[0m" 304 -
2024-12-20 11:24:43,686 - INFO - _internal.py - 127.0.0.1 - - [20/Dec/2024 11:24:43] "GET /Results/map.html HTTP/1.1" 200 -
2024-12-20 11:24:52,495 - INFO - _internal.py - 127.0.0.1 - - [20/Dec/2024 11:24:52] "POST /index HTTP/1.1" 200 -
2024-12-20 11:24:52,512 - INFO - _internal.py - 127.0.0.1 - - [20/Dec/2024 11:24:52] "[36mGET /static/css/map_page.css HTTP/1.1[0m" 304 -
2024-12-20 11:24:52,554 - INFO - _internal.py - 127.0.0.1 - - [20/Dec/2024 11:24:52] "GET /Results/map.html HTTP/1.1" 200 -
2024-12-20 11:24:59,036 - INFO - _internal.py - 127.0.0.1 - - [20/Dec/2024 11:24:59] "POST /index HTTP/1.1" 200 -
2024-12-20 11:24:59,061 - INFO - _internal.py - 127.0.0.1 - - [20/Dec/2024 11:24:59] "[36mGET /static/css/map_page.css HTTP/1.1[0m" 304 -
2024-12-20 11:24:59,130 - INFO - _internal.py - 127.0.0.1 - - [20/Dec/2024 11:24:59] "GET /Results/map.html HTTP/1.1" 200 -
2024-12-20 11:25:05,058 - INFO - _internal.py - 127.0.0.1 - - [20/Dec/2024 11:25:05] "POST /index HTTP/1.1" 200 -
2024-12-20 11:25:05,080 - INFO - _internal.py - 127.0.0.1 - - [20/Dec/2024 11:25:05] "[36mGET /static/css/map_page.css HTTP/1.1[0m" 304 -
2024-12-20 11:25:05,094 - INFO - _internal.py - 127.0.0.1 - - [20/Dec/2024 11:25:05] "GET /Results/map.html HTTP/1.1" 200 -
2024-12-20 11:25:15,294 - INFO - _internal.py - 127.0.0.1 - - [20/Dec/2024 11:25:15] "POST /index HTTP/1.1" 200 -
2024-12-20 11:25:15,319 - INFO - _internal.py - 127.0.0.1 - - [20/Dec/2024 11:25:15] "[36mGET /static/css/map_page.css HTTP/1.1[0m" 304 -
2024-12-20 11:25:15,374 - INFO - _internal.py - 127.0.0.1 - - [20/Dec/2024 11:25:15] "GET /Results/map.html HTTP/1.1" 200 -
2024-12-20 11:25:21,130 - INFO - _internal.py - 127.0.0.1 - - [20/Dec/2024 11:25:21] "POST /index HTTP/1.1" 200 -
2024-12-20 11:25:21,149 - INFO - _internal.py - 127.0.0.1 - - [20/Dec/2024 11:25:21] "[36mGET /static/css/map_page.css HTTP/1.1[0m" 304 -
2024-12-20 11:25:21,187 - INFO - _internal.py - 127.0.0.1 - - [20/Dec/2024 11:25:21] "GET /Results/map.html HTTP/1.1" 200 -
2024-12-20 11:25:34,173 - INFO - _internal.py - 127.0.0.1 - - [20/Dec/2024 11:25:34] "POST /index HTTP/1.1" 200 -
2024-12-20 11:25:34,195 - INFO - _internal.py - 127.0.0.1 - - [20/Dec/2024 11:25:34] "[36mGET /static/css/map_page.css HTTP/1.1[0m" 304 -
2024-12-20 11:25:34,312 - INFO - _internal.py - 127.0.0.1 - - [20/Dec/2024 11:25:34] "GET /Results/map.html HTTP/1.1" 200 -
2024-12-20 11:25:47,834 - INFO - _internal.py - 127.0.0.1 - - [20/Dec/2024 11:25:47] "POST /index HTTP/1.1" 200 -
2024-12-20 11:25:47,856 - INFO - _internal.py - 127.0.0.1 - - [20/Dec/2024 11:25:47] "[36mGET /static/css/map_page.css HTTP/1.1[0m" 304 -
2024-12-20 11:25:47,869 - INFO - _internal.py - 127.0.0.1 - - [20/Dec/2024 11:25:47] "GET /Results/map.html HTTP/1.1" 200 -
2024-12-20 11:26:16,786 - INFO - _internal.py - 127.0.0.1 - - [20/Dec/2024 11:26:16] "POST /index HTTP/1.1" 200 -
2024-12-20 11:26:16,808 - INFO - _internal.py - 127.0.0.1 - - [20/Dec/2024 11:26:16] "[36mGET /static/css/map_page.css HTTP/1.1[0m" 304 -
2024-12-20 11:26:16,822 - INFO - _internal.py - 127.0.0.1 - - [20/Dec/2024 11:26:16] "GET /Results/map.html HTTP/1.1" 200 -
2024-12-20 11:27:36,897 - INFO - _internal.py - 127.0.0.1 - - [20/Dec/2024 11:27:36] "POST /index HTTP/1.1" 200 -
2024-12-20 11:27:36,930 - INFO - _internal.py - 127.0.0.1 - - [20/Dec/2024 11:27:36] "[36mGET /static/css/map_page.css HTTP/1.1[0m" 304 -
2024-12-20 11:27:37,033 - INFO - _internal.py - 127.0.0.1 - - [20/Dec/2024 11:27:37] "GET /Results/map.html HTTP/1.1" 200 -
2024-12-20 11:27:50,450 - INFO - _internal.py - 127.0.0.1 - - [20/Dec/2024 11:27:50] "POST /index HTTP/1.1" 200 -
2024-12-20 11:27:54,779 - INFO - _internal.py - 127.0.0.1 - - [20/Dec/2024 11:27:54] "POST /index HTTP/1.1" 200 -
2024-12-20 11:27:54,796 - INFO - _internal.py - 127.0.0.1 - - [20/Dec/2024 11:27:54] "[36mGET /static/css/map_page.css HTTP/1.1[0m" 304 -
2024-12-20 11:27:54,889 - INFO - _internal.py - 127.0.0.1 - - [20/Dec/2024 11:27:54] "GET /Results/map.html HTTP/1.1" 200 -
2024-12-20 11:28:21,119 - INFO - _internal.py - 127.0.0.1 - - [20/Dec/2024 11:28:21] "POST /index HTTP/1.1" 200 -
2024-12-20 11:28:21,145 - INFO - _internal.py - 127.0.0.1 - - [20/Dec/2024 11:28:21] "[36mGET /static/css/map_page.css HTTP/1.1[0m" 304 -
2024-12-20 11:28:21,182 - INFO - _internal.py - 127.0.0.1 - - [20/Dec/2024 11:28:21] "GET /Results/map.html HTTP/1.1" 200 -
2024-12-20 11:28:37,929 - INFO - _internal.py - 127.0.0.1 - - [20/Dec/2024 11:28:37] "POST /index HTTP/1.1" 200 -
2024-12-20 11:28:37,948 - INFO - _internal.py - 127.0.0.1 - - [20/Dec/2024 11:28:37] "[36mGET /static/css/map_page.css HTTP/1.1[0m" 304 -
2024-12-20 11:28:37,972 - INFO - _internal.py - 127.0.0.1 - - [20/Dec/2024 11:28:37] "GET /Results/map.html HTTP/1.1" 200 -
2024-12-20 11:28:50,998 - INFO - _internal.py - 127.0.0.1 - - [20/Dec/2024 11:28:50] "POST /index HTTP/1.1" 200 -
2024-12-20 11:28:51,015 - INFO - _internal.py - 127.0.0.1 - - [20/Dec/2024 11:28:51] "[36mGET /static/css/map_page.css HTTP/1.1[0m" 304 -
2024-12-20 11:28:51,058 - INFO - _internal.py - 127.0.0.1 - - [20/Dec/2024 11:28:51] "GET /Results/map.html HTTP/1.1" 200 -
2024-12-20 11:32:22,011 - INFO - Insert_to_DBM.py - Using Python interpreter: E:\ZURA KOPADZE\mapping_stca\venv\Scripts\python.exe
2024-12-20 11:32:22,011 - INFO - Insert_to_DBM.py - Script path: E:\ZURA KOPADZE\mapping_stca\DBM\create_Midpoints_Table.py
2024-12-20 11:32:25,576 - INFO - Insert_to_DBM.py - Script executed successfully from path: E:\ZURA KOPADZE\mapping_stca\DBM\create_Midpoints_Table.py
Excel file loaded successfully.
Connected to the database successfully.
Results have been saved to the Midpoints database.

2024-12-20 11:32:26,214 - INFO - main.py - File 'sourse_file.xlsx' uploaded successfully.
2024-12-20 11:32:26,216 - INFO - _internal.py - 127.0.0.1 - - [20/Dec/2024 11:32:26] "[32mPOST /upload HTTP/1.1[0m" 302 -
2024-12-20 11:32:26,224 - INFO - _internal.py - 127.0.0.1 - - [20/Dec/2024 11:32:26] "GET /index HTTP/1.1" 200 -
2024-12-20 11:32:26,248 - INFO - _internal.py - 127.0.0.1 - - [20/Dec/2024 11:32:26] "[36mGET /static/css/map_page.css HTTP/1.1[0m" 304 -
2024-12-20 11:32:39,104 - INFO - _internal.py - 127.0.0.1 - - [20/Dec/2024 11:32:39] "POST /index HTTP/1.1" 200 -
2024-12-20 11:32:39,126 - INFO - _internal.py - 127.0.0.1 - - [20/Dec/2024 11:32:39] "[36mGET /static/css/map_page.css HTTP/1.1[0m" 304 -
2024-12-20 11:32:39,141 - INFO - _internal.py - 127.0.0.1 - - [20/Dec/2024 11:32:39] "GET /Results/map.html HTTP/1.1" 200 -
2024-12-20 11:34:31,167 - INFO - _internal.py - 127.0.0.1 - - [20/Dec/2024 11:34:31] "POST /index HTTP/1.1" 200 -
2024-12-20 11:34:31,197 - INFO - _internal.py - 127.0.0.1 - - [20/Dec/2024 11:34:31] "[36mGET /static/css/map_page.css HTTP/1.1[0m" 304 -
2024-12-20 11:34:31,325 - INFO - _internal.py - 127.0.0.1 - - [20/Dec/2024 11:34:31] "GET /Results/map.html HTTP/1.1" 200 -
2024-12-20 11:34:46,300 - INFO - _internal.py - 127.0.0.1 - - [20/Dec/2024 11:34:46] "POST /index HTTP/1.1" 200 -
2024-12-20 11:34:46,321 - INFO - _internal.py - 127.0.0.1 - - [20/Dec/2024 11:34:46] "[36mGET /static/css/map_page.css HTTP/1.1[0m" 304 -
2024-12-20 11:34:46,443 - INFO - _internal.py - 127.0.0.1 - - [20/Dec/2024 11:34:46] "GET /Results/map.html HTTP/1.1" 200 -
2024-12-20 11:35:10,830 - INFO - _internal.py - 127.0.0.1 - - [20/Dec/2024 11:35:10] "POST /index HTTP/1.1" 200 -
2024-12-20 11:35:10,863 - INFO - _internal.py - 127.0.0.1 - - [20/Dec/2024 11:35:10] "[36mGET /static/css/map_page.css HTTP/1.1[0m" 304 -
2024-12-20 11:35:23,903 - INFO - _internal.py - 127.0.0.1 - - [20/Dec/2024 11:35:23] "POST /index HTTP/1.1" 200 -
2024-12-20 11:35:23,923 - INFO - _internal.py - 127.0.0.1 - - [20/Dec/2024 11:35:23] "[36mGET /static/css/map_page.css HTTP/1.1[0m" 304 -
2024-12-20 11:35:23,940 - INFO - _internal.py - 127.0.0.1 - - [20/Dec/2024 11:35:23] "GET /Results/map.html HTTP/1.1" 200 -
2024-12-20 11:38:07,432 - INFO - _internal.py - 127.0.0.1 - - [20/Dec/2024 11:38:07] "POST /index HTTP/1.1" 200 -
2024-12-20 11:38:07,452 - INFO - _internal.py - 127.0.0.1 - - [20/Dec/2024 11:38:07] "[36mGET /static/css/map_page.css HTTP/1.1[0m" 304 -
2024-12-20 11:38:07,496 - INFO - _internal.py - 127.0.0.1 - - [20/Dec/2024 11:38:07] "GET /Results/map.html HTTP/1.1" 200 -
2024-12-20 11:38:17,767 - INFO - _internal.py - 127.0.0.1 - - [20/Dec/2024 11:38:17] "POST /index HTTP/1.1" 200 -
2024-12-20 11:38:17,788 - INFO - _internal.py - 127.0.0.1 - - [20/Dec/2024 11:38:17] "[36mGET /static/css/map_page.css HTTP/1.1[0m" 304 -
2024-12-20 11:38:17,818 - INFO - _internal.py - 127.0.0.1 - - [20/Dec/2024 11:38:17] "GET /Results/map.html HTTP/1.1" 200 -
2024-12-20 11:38:34,171 - INFO - _internal.py - 127.0.0.1 - - [20/Dec/2024 11:38:34] "POST /index HTTP/1.1" 200 -
2024-12-20 11:38:34,189 - INFO - _internal.py - 127.0.0.1 - - [20/Dec/2024 11:38:34] "[36mGET /static/css/map_page.css HTTP/1.1[0m" 304 -
2024-12-20 11:38:34,245 - INFO - _internal.py - 127.0.0.1 - - [20/Dec/2024 11:38:34] "GET /Results/map.html HTTP/1.1" 200 -
2024-12-20 11:38:59,829 - INFO - _internal.py - 127.0.0.1 - - [20/Dec/2024 11:38:59] "POST /index HTTP/1.1" 200 -
2024-12-20 11:38:59,846 - INFO - _internal.py - 127.0.0.1 - - [20/Dec/2024 11:38:59] "[36mGET /static/css/map_page.css HTTP/1.1[0m" 304 -
2024-12-20 11:38:59,888 - INFO - _internal.py - 127.0.0.1 - - [20/Dec/2024 11:38:59] "GET /Results/map.html HTTP/1.1" 200 -
2024-12-20 11:39:21,333 - INFO - _internal.py - 127.0.0.1 - - [20/Dec/2024 11:39:21] "POST /index HTTP/1.1" 200 -
2024-12-20 11:39:21,355 - INFO - _internal.py - 127.0.0.1 - - [20/Dec/2024 11:39:21] "[36mGET /static/css/map_page.css HTTP/1.1[0m" 304 -
2024-12-20 11:39:21,396 - INFO - _internal.py - 127.0.0.1 - - [20/Dec/2024 11:39:21] "GET /Results/map.html HTTP/1.1" 200 -
2024-12-20 11:39:29,580 - INFO - _internal.py - 127.0.0.1 - - [20/Dec/2024 11:39:29] "POST /index HTTP/1.1" 200 -
2024-12-20 11:39:29,599 - INFO - _internal.py - 127.0.0.1 - - [20/Dec/2024 11:39:29] "[36mGET /static/css/map_page.css HTTP/1.1[0m" 304 -
2024-12-20 11:39:29,626 - INFO - _internal.py - 127.0.0.1 - - [20/Dec/2024 11:39:29] "GET /Results/map.html HTTP/1.1" 200 -
2024-12-20 11:40:07,380 - INFO - _internal.py - 127.0.0.1 - - [20/Dec/2024 11:40:07] "POST /index HTTP/1.1" 200 -
2024-12-20 11:40:07,399 - INFO - _internal.py - 127.0.0.1 - - [20/Dec/2024 11:40:07] "[36mGET /static/css/map_page.css HTTP/1.1[0m" 304 -
2024-12-20 11:40:07,457 - INFO - _internal.py - 127.0.0.1 - - [20/Dec/2024 11:40:07] "GET /Results/map.html HTTP/1.1" 200 -
2024-12-20 11:41:56,279 - INFO - _internal.py - 127.0.0.1 - - [20/Dec/2024 11:41:56] "POST /index HTTP/1.1" 200 -
2024-12-20 11:41:56,299 - INFO - _internal.py - 127.0.0.1 - - [20/Dec/2024 11:41:56] "[36mGET /static/css/map_page.css HTTP/1.1[0m" 304 -
2024-12-20 11:41:56,336 - INFO - _internal.py - 127.0.0.1 - - [20/Dec/2024 11:41:56] "GET /Results/map.html HTTP/1.1" 200 -
2024-12-20 11:42:16,848 - INFO - _internal.py - 127.0.0.1 - - [20/Dec/2024 11:42:16] "POST /index HTTP/1.1" 200 -
2024-12-20 11:42:16,871 - INFO - _internal.py - 127.0.0.1 - - [20/Dec/2024 11:42:16] "[36mGET /static/css/map_page.css HTTP/1.1[0m" 304 -
2024-12-20 11:42:16,926 - INFO - _internal.py - 127.0.0.1 - - [20/Dec/2024 11:42:16] "GET /Results/map.html HTTP/1.1" 200 -
2024-12-20 11:44:38,614 - INFO - _internal.py - 127.0.0.1 - - [20/Dec/2024 11:44:38] "POST /index HTTP/1.1" 200 -
2024-12-20 11:44:38,634 - INFO - _internal.py - 127.0.0.1 - - [20/Dec/2024 11:44:38] "[36mGET /static/css/map_page.css HTTP/1.1[0m" 304 -
2024-12-20 11:44:38,689 - INFO - _internal.py - 127.0.0.1 - - [20/Dec/2024 11:44:38] "GET /Results/map.html HTTP/1.1" 200 -
2024-12-20 12:00:36,422 - INFO - _internal.py - 127.0.0.1 - - [20/Dec/2024 12:00:36] "POST /index HTTP/1.1" 200 -
2024-12-20 12:00:36,440 - INFO - _internal.py - 127.0.0.1 - - [20/Dec/2024 12:00:36] "[36mGET /static/css/map_page.css HTTP/1.1[0m" 304 -
2024-12-20 12:00:36,475 - INFO - _internal.py - 127.0.0.1 - - [20/Dec/2024 12:00:36] "GET /Results/map.html HTTP/1.1" 200 -
2024-12-20 12:01:09,089 - INFO - _internal.py - 127.0.0.1 - - [20/Dec/2024 12:01:09] "POST /index HTTP/1.1" 200 -
2024-12-20 12:01:09,112 - INFO - _internal.py - 127.0.0.1 - - [20/Dec/2024 12:01:09] "[36mGET /static/css/map_page.css HTTP/1.1[0m" 304 -
2024-12-20 12:01:09,152 - INFO - _internal.py - 127.0.0.1 - - [20/Dec/2024 12:01:09] "GET /Results/map.html HTTP/1.1" 200 -
2024-12-20 12:02:26,698 - INFO - _internal.py - 127.0.0.1 - - [20/Dec/2024 12:02:26] "POST /index HTTP/1.1" 200 -
2024-12-20 12:02:26,718 - INFO - _internal.py - 127.0.0.1 - - [20/Dec/2024 12:02:26] "[36mGET /static/css/map_page.css HTTP/1.1[0m" 304 -
2024-12-20 12:02:26,752 - INFO - _internal.py - 127.0.0.1 - - [20/Dec/2024 12:02:26] "GET /Results/map.html HTTP/1.1" 200 -
2024-12-20 12:06:08,269 - INFO - _internal.py - 127.0.0.1 - - [20/Dec/2024 12:06:08] "POST /index HTTP/1.1" 200 -
2024-12-20 12:06:08,289 - INFO - _internal.py - 127.0.0.1 - - [20/Dec/2024 12:06:08] "[36mGET /static/css/map_page.css HTTP/1.1[0m" 304 -
2024-12-20 12:06:08,339 - INFO - _internal.py - 127.0.0.1 - - [20/Dec/2024 12:06:08] "GET /Results/map.html HTTP/1.1" 200 -
2024-12-20 12:20:43,730 - INFO - _internal.py - 127.0.0.1 - - [20/Dec/2024 12:20:43] "POST /index HTTP/1.1" 200 -
2024-12-20 12:20:43,753 - INFO - _internal.py - 127.0.0.1 - - [20/Dec/2024 12:20:43] "[36mGET /static/css/map_page.css HTTP/1.1[0m" 304 -
2024-12-20 12:20:43,787 - INFO - _internal.py - 127.0.0.1 - - [20/Dec/2024 12:20:43] "GET /Results/map.html HTTP/1.1" 200 -
2024-12-20 12:21:14,472 - INFO - _internal.py - 127.0.0.1 - - [20/Dec/2024 12:21:14] "POST /index HTTP/1.1" 200 -
2024-12-20 12:21:14,494 - INFO - _internal.py - 127.0.0.1 - - [20/Dec/2024 12:21:14] "[36mGET /static/css/map_page.css HTTP/1.1[0m" 304 -
2024-12-20 12:21:14,580 - INFO - _internal.py - 127.0.0.1 - - [20/Dec/2024 12:21:14] "GET /Results/map.html HTTP/1.1" 200 -
2024-12-20 12:30:50,480 - INFO - _internal.py - 127.0.0.1 - - [20/Dec/2024 12:30:50] "POST /index HTTP/1.1" 200 -
2024-12-20 12:30:50,499 - INFO - _internal.py - 127.0.0.1 - - [20/Dec/2024 12:30:50] "[36mGET /static/css/map_page.css HTTP/1.1[0m" 304 -
2024-12-20 12:30:50,535 - INFO - _internal.py - 127.0.0.1 - - [20/Dec/2024 12:30:50] "GET /Results/map.html HTTP/1.1" 200 -
2024-12-20 12:31:36,947 - INFO - _internal.py - 127.0.0.1 - - [20/Dec/2024 12:31:36] "POST /index HTTP/1.1" 200 -
2024-12-20 12:31:36,970 - INFO - _internal.py - 127.0.0.1 - - [20/Dec/2024 12:31:36] "[36mGET /static/css/map_page.css HTTP/1.1[0m" 304 -
2024-12-20 12:31:37,002 - INFO - _internal.py - 127.0.0.1 - - [20/Dec/2024 12:31:37] "GET /Results/map.html HTTP/1.1" 200 -
2024-12-20 12:31:44,817 - INFO - _internal.py - 127.0.0.1 - - [20/Dec/2024 12:31:44] "POST /index HTTP/1.1" 200 -
2024-12-20 12:31:44,841 - INFO - _internal.py - 127.0.0.1 - - [20/Dec/2024 12:31:44] "[36mGET /static/css/map_page.css HTTP/1.1[0m" 304 -
2024-12-20 12:31:58,695 - INFO - _internal.py - 127.0.0.1 - - [20/Dec/2024 12:31:58] "POST /index HTTP/1.1" 200 -
2024-12-20 12:31:58,719 - INFO - _internal.py - 127.0.0.1 - - [20/Dec/2024 12:31:58] "[36mGET /static/css/map_page.css HTTP/1.1[0m" 304 -
2024-12-20 12:31:58,775 - INFO - _internal.py - 127.0.0.1 - - [20/Dec/2024 12:31:58] "GET /Results/map.html HTTP/1.1" 200 -
2024-12-20 12:33:11,725 - INFO - _internal.py - 127.0.0.1 - - [20/Dec/2024 12:33:11] "[36mGET /static/css/map_page.css HTTP/1.1[0m" 304 -
2024-12-20 12:34:32,433 - INFO - main.py - User 'zura' logged out successfully.
2024-12-20 12:34:32,435 - INFO - _internal.py - 127.0.0.1 - - [20/Dec/2024 12:34:32] "[32mGET /logout HTTP/1.1[0m" 302 -
2024-12-20 12:34:32,442 - INFO - _internal.py - 127.0.0.1 - - [20/Dec/2024 12:34:32] "GET / HTTP/1.1" 200 -
2024-12-20 12:34:32,464 - INFO - _internal.py - 127.0.0.1 - - [20/Dec/2024 12:34:32] "[36mGET /static/css/Login_page.css HTTP/1.1[0m" 304 -
2024-12-20 12:34:32,503 - INFO - _internal.py - 127.0.0.1 - - [20/Dec/2024 12:34:32] "[33mGET /static/images/background.jpg HTTP/1.1[0m" 404 -
2024-12-20 12:34:39,893 - INFO - main.py - User 'zura' logged in successfully.
2024-12-20 12:34:39,895 - INFO - _internal.py - 127.0.0.1 - - [20/Dec/2024 12:34:39] "[32mPOST / HTTP/1.1[0m" 302 -
2024-12-20 12:34:39,903 - INFO - _internal.py - 127.0.0.1 - - [20/Dec/2024 12:34:39] "GET /index HTTP/1.1" 200 -
2024-12-20 12:34:39,926 - INFO - _internal.py - 127.0.0.1 - - [20/Dec/2024 12:34:39] "[36mGET /static/css/map_page.css HTTP/1.1[0m" 304 -
2024-12-20 12:38:08,832 - INFO - main.py - User 'zura' logged out successfully.
2024-12-20 12:38:08,833 - INFO - _internal.py - 127.0.0.1 - - [20/Dec/2024 12:38:08] "[32mGET /logout HTTP/1.1[0m" 302 -
2024-12-20 12:38:08,840 - INFO - _internal.py - 127.0.0.1 - - [20/Dec/2024 12:38:08] "GET / HTTP/1.1" 200 -
2024-12-20 12:38:08,856 - INFO - _internal.py - 127.0.0.1 - - [20/Dec/2024 12:38:08] "[36mGET /static/css/Login_page.css HTTP/1.1[0m" 304 -
2024-12-20 12:38:08,875 - INFO - _internal.py - 127.0.0.1 - - [20/Dec/2024 12:38:08] "[33mGET /static/images/background.jpg HTTP/1.1[0m" 404 -
2024-12-20 12:38:10,106 - INFO - _internal.py - 127.0.0.1 - - [20/Dec/2024 12:38:10] "GET / HTTP/1.1" 200 -
2024-12-20 12:38:10,123 - INFO - _internal.py - 127.0.0.1 - - [20/Dec/2024 12:38:10] "[36mGET /static/css/Login_page.css HTTP/1.1[0m" 304 -
2024-12-20 12:38:10,634 - INFO - _internal.py - 127.0.0.1 - - [20/Dec/2024 12:38:10] "GET / HTTP/1.1" 200 -
2024-12-20 12:38:10,653 - INFO - _internal.py - 127.0.0.1 - - [20/Dec/2024 12:38:10] "[36mGET /static/css/Login_page.css HTTP/1.1[0m" 304 -
2024-12-20 12:38:10,833 - INFO - _internal.py - 127.0.0.1 - - [20/Dec/2024 12:38:10] "GET / HTTP/1.1" 200 -
2024-12-20 12:38:10,852 - INFO - _internal.py - 127.0.0.1 - - [20/Dec/2024 12:38:10] "[36mGET /static/css/Login_page.css HTTP/1.1[0m" 304 -
2024-12-20 12:38:11,029 - INFO - _internal.py - 127.0.0.1 - - [20/Dec/2024 12:38:11] "GET / HTTP/1.1" 200 -
2024-12-20 12:38:11,049 - INFO - _internal.py - 127.0.0.1 - - [20/Dec/2024 12:38:11] "[36mGET /static/css/Login_page.css HTTP/1.1[0m" 304 -
2024-12-20 12:38:11,633 - INFO - _internal.py - 127.0.0.1 - - [20/Dec/2024 12:38:11] "GET / HTTP/1.1" 200 -
2024-12-20 12:38:11,653 - INFO - _internal.py - 127.0.0.1 - - [20/Dec/2024 12:38:11] "[36mGET /static/css/Login_page.css HTTP/1.1[0m" 304 -
2024-12-20 12:38:11,841 - INFO - _internal.py - 127.0.0.1 - - [20/Dec/2024 12:38:11] "GET / HTTP/1.1" 200 -
2024-12-20 12:38:11,856 - INFO - _internal.py - 127.0.0.1 - - [20/Dec/2024 12:38:11] "[36mGET /static/css/Login_page.css HTTP/1.1[0m" 304 -
2024-12-20 12:38:34,137 - INFO - _internal.py - 127.0.0.1 - - [20/Dec/2024 12:38:34] "GET / HTTP/1.1" 200 -
2024-12-20 12:38:34,157 - INFO - _internal.py - 127.0.0.1 - - [20/Dec/2024 12:38:34] "[36mGET /static/css/Login_page.css HTTP/1.1[0m" 304 -
2024-12-20 12:38:34,777 - INFO - _internal.py - 127.0.0.1 - - [20/Dec/2024 12:38:34] "GET / HTTP/1.1" 200 -
2024-12-20 12:38:34,793 - INFO - _internal.py - 127.0.0.1 - - [20/Dec/2024 12:38:34] "[36mGET /static/css/Login_page.css HTTP/1.1[0m" 304 -
2024-12-20 12:38:35,179 - INFO - _internal.py - 127.0.0.1 - - [20/Dec/2024 12:38:35] "GET / HTTP/1.1" 200 -
2024-12-20 12:38:35,195 - INFO - _internal.py - 127.0.0.1 - - [20/Dec/2024 12:38:35] "[36mGET /static/css/Login_page.css HTTP/1.1[0m" 304 -
2024-12-20 12:38:35,365 - INFO - _internal.py - 127.0.0.1 - - [20/Dec/2024 12:38:35] "GET / HTTP/1.1" 200 -
2024-12-20 12:38:35,384 - INFO - _internal.py - 127.0.0.1 - - [20/Dec/2024 12:38:35] "[36mGET /static/css/Login_page.css HTTP/1.1[0m" 304 -
2024-12-20 12:38:35,801 - INFO - _internal.py - 127.0.0.1 - - [20/Dec/2024 12:38:35] "GET / HTTP/1.1" 200 -
2024-12-20 12:38:35,821 - INFO - _internal.py - 127.0.0.1 - - [20/Dec/2024 12:38:35] "[36mGET /static/css/Login_page.css HTTP/1.1[0m" 304 -
2024-12-20 12:38:36,270 - INFO - _internal.py - 127.0.0.1 - - [20/Dec/2024 12:38:36] "GET / HTTP/1.1" 200 -
2024-12-20 12:38:36,289 - INFO - _internal.py - 127.0.0.1 - - [20/Dec/2024 12:38:36] "[36mGET /static/css/Login_page.css HTTP/1.1[0m" 304 -
2024-12-20 12:38:36,473 - INFO - _internal.py - 127.0.0.1 - - [20/Dec/2024 12:38:36] "GET / HTTP/1.1" 200 -
2024-12-20 12:38:36,491 - INFO - _internal.py - 127.0.0.1 - - [20/Dec/2024 12:38:36] "[36mGET /static/css/Login_page.css HTTP/1.1[0m" 304 -
2024-12-20 12:38:36,706 - INFO - _internal.py - 127.0.0.1 - - [20/Dec/2024 12:38:36] "GET / HTTP/1.1" 200 -
2024-12-20 12:38:36,725 - INFO - _internal.py - 127.0.0.1 - - [20/Dec/2024 12:38:36] "[36mGET /static/css/Login_page.css HTTP/1.1[0m" 304 -
2024-12-20 12:38:36,917 - INFO - _internal.py - 127.0.0.1 - - [20/Dec/2024 12:38:36] "GET / HTTP/1.1" 200 -
2024-12-20 12:38:36,935 - INFO - _internal.py - 127.0.0.1 - - [20/Dec/2024 12:38:36] "[36mGET /static/css/Login_page.css HTTP/1.1[0m" 304 -
2024-12-20 12:38:37,105 - INFO - _internal.py - 127.0.0.1 - - [20/Dec/2024 12:38:37] "GET / HTTP/1.1" 200 -
2024-12-20 12:38:37,125 - INFO - _internal.py - 127.0.0.1 - - [20/Dec/2024 12:38:37] "[36mGET /static/css/Login_page.css HTTP/1.1[0m" 304 -
2024-12-20 12:38:37,330 - INFO - _internal.py - 127.0.0.1 - - [20/Dec/2024 12:38:37] "GET / HTTP/1.1" 200 -
2024-12-20 12:38:37,345 - INFO - _internal.py - 127.0.0.1 - - [20/Dec/2024 12:38:37] "[36mGET /static/css/Login_page.css HTTP/1.1[0m" 304 -
2024-12-20 12:38:37,802 - INFO - _internal.py - 127.0.0.1 - - [20/Dec/2024 12:38:37] "GET / HTTP/1.1" 200 -
2024-12-20 12:38:37,822 - INFO - _internal.py - 127.0.0.1 - - [20/Dec/2024 12:38:37] "[36mGET /static/css/Login_page.css HTTP/1.1[0m" 304 -
2024-12-20 12:38:38,314 - INFO - _internal.py - 127.0.0.1 - - [20/Dec/2024 12:38:38] "GET / HTTP/1.1" 200 -
2024-12-20 12:38:38,331 - INFO - _internal.py - 127.0.0.1 - - [20/Dec/2024 12:38:38] "[36mGET /static/css/Login_page.css HTTP/1.1[0m" 304 -
2024-12-20 12:38:38,522 - INFO - _internal.py - 127.0.0.1 - - [20/Dec/2024 12:38:38] "GET / HTTP/1.1" 200 -
2024-12-20 12:38:38,540 - INFO - _internal.py - 127.0.0.1 - - [20/Dec/2024 12:38:38] "[36mGET /static/css/Login_page.css HTTP/1.1[0m" 304 -
2024-12-20 12:38:38,905 - INFO - _internal.py - 127.0.0.1 - - [20/Dec/2024 12:38:38] "GET / HTTP/1.1" 200 -
2024-12-20 12:38:38,927 - INFO - _internal.py - 127.0.0.1 - - [20/Dec/2024 12:38:38] "[36mGET /static/css/Login_page.css HTTP/1.1[0m" 304 -
2024-12-20 12:38:39,194 - INFO - _internal.py - 127.0.0.1 - - [20/Dec/2024 12:38:39] "GET / HTTP/1.1" 200 -
2024-12-20 12:38:39,210 - INFO - _internal.py - 127.0.0.1 - - [20/Dec/2024 12:38:39] "[36mGET /static/css/Login_page.css HTTP/1.1[0m" 304 -
2024-12-20 12:43:40,988 - INFO - main.py - User 'zura' logged in successfully.
2024-12-20 12:43:40,990 - INFO - _internal.py - 127.0.0.1 - - [20/Dec/2024 12:43:40] "[32mPOST / HTTP/1.1[0m" 302 -
2024-12-20 12:43:40,999 - INFO - _internal.py - 127.0.0.1 - - [20/Dec/2024 12:43:40] "GET /index HTTP/1.1" 200 -
2024-12-20 12:43:41,017 - INFO - _internal.py - 127.0.0.1 - - [20/Dec/2024 12:43:41] "[36mGET /static/css/map_page.css HTTP/1.1[0m" 304 -
2024-12-20 12:43:52,077 - INFO - _internal.py - 127.0.0.1 - - [20/Dec/2024 12:43:52] "POST /index HTTP/1.1" 200 -
2024-12-20 12:43:52,095 - INFO - _internal.py - 127.0.0.1 - - [20/Dec/2024 12:43:52] "[36mGET /static/css/map_page.css HTTP/1.1[0m" 304 -
2024-12-20 12:43:52,117 - INFO - _internal.py - 127.0.0.1 - - [20/Dec/2024 12:43:52] "GET /Results/map.html HTTP/1.1" 200 -
2024-12-20 12:44:30,442 - INFO - _internal.py - 127.0.0.1 - - [20/Dec/2024 12:44:30] "POST /index HTTP/1.1" 200 -
2024-12-20 12:44:30,464 - INFO - _internal.py - 127.0.0.1 - - [20/Dec/2024 12:44:30] "[36mGET /static/css/map_page.css HTTP/1.1[0m" 304 -
2024-12-20 12:44:30,487 - INFO - _internal.py - 127.0.0.1 - - [20/Dec/2024 12:44:30] "GET /Results/map.html HTTP/1.1" 200 -
2024-12-20 12:44:30,893 - INFO - _internal.py - 127.0.0.1 - - [20/Dec/2024 12:44:30] "[36mGET /static/favicon.ico HTTP/1.1[0m" 304 -
2024-12-20 12:46:42,234 - INFO - _internal.py - 127.0.0.1 - - [20/Dec/2024 12:46:42] "POST /index HTTP/1.1" 200 -
2024-12-20 12:46:42,253 - INFO - _internal.py - 127.0.0.1 - - [20/Dec/2024 12:46:42] "[36mGET /static/css/map_page.css HTTP/1.1[0m" 304 -
2024-12-20 12:46:42,279 - INFO - _internal.py - 127.0.0.1 - - [20/Dec/2024 12:46:42] "GET /Results/map.html HTTP/1.1" 200 -
2024-12-20 12:46:51,201 - INFO - _internal.py - 127.0.0.1 - - [20/Dec/2024 12:46:51] "POST /index HTTP/1.1" 200 -
2024-12-20 12:46:51,223 - INFO - _internal.py - 127.0.0.1 - - [20/Dec/2024 12:46:51] "[36mGET /static/css/map_page.css HTTP/1.1[0m" 304 -
2024-12-20 12:46:51,237 - INFO - _internal.py - 127.0.0.1 - - [20/Dec/2024 12:46:51] "GET /Results/map.html HTTP/1.1" 200 -
2024-12-20 12:54:34,252 - INFO - main.py - Flask application is shutting down.
2024-12-20 12:54:42,505 - INFO - _internal.py - [31m[1mWARNING: This is a development server. Do not use it in a production deployment. Use a production WSGI server instead.[0m
 * Running on all addresses (0.0.0.0)
 * Running on http://127.0.0.1:80
 * Running on http://172.16.12.13:80
2024-12-20 12:54:42,505 - INFO - _internal.py - [33mPress CTRL+C to quit[0m
2024-12-20 12:54:42,726 - INFO - _internal.py - 127.0.0.1 - - [20/Dec/2024 12:54:42] "GET / HTTP/1.1" 200 -
2024-12-20 12:54:42,769 - INFO - _internal.py - 127.0.0.1 - - [20/Dec/2024 12:54:42] "[36mGET /static/css/Login_page.css HTTP/1.1[0m" 304 -
2024-12-20 12:54:42,810 - INFO - _internal.py - 127.0.0.1 - - [20/Dec/2024 12:54:42] "[33mGET /static/images/background.jpg HTTP/1.1[0m" 404 -
2024-12-20 12:54:48,312 - INFO - main.py - User 'zura' logged in successfully.
2024-12-20 12:54:48,313 - INFO - _internal.py - 127.0.0.1 - - [20/Dec/2024 12:54:48] "[32mPOST / HTTP/1.1[0m" 302 -
2024-12-20 12:54:48,332 - INFO - _internal.py - 127.0.0.1 - - [20/Dec/2024 12:54:48] "GET /index HTTP/1.1" 200 -
2024-12-20 12:54:48,350 - INFO - _internal.py - 127.0.0.1 - - [20/Dec/2024 12:54:48] "[36mGET /static/css/map_page.css HTTP/1.1[0m" 304 -
2024-12-20 12:55:00,147 - INFO - _internal.py - 127.0.0.1 - - [20/Dec/2024 12:55:00] "POST /index HTTP/1.1" 200 -
2024-12-20 12:55:00,172 - INFO - _internal.py - 127.0.0.1 - - [20/Dec/2024 12:55:00] "[36mGET /static/css/map_page.css HTTP/1.1[0m" 304 -
2024-12-20 12:55:00,186 - INFO - _internal.py - 127.0.0.1 - - [20/Dec/2024 12:55:00] "GET /Results/map.html HTTP/1.1" 200 -
2024-12-20 12:55:49,452 - INFO - _internal.py - 127.0.0.1 - - [20/Dec/2024 12:55:49] "POST /index HTTP/1.1" 200 -
2024-12-20 12:55:49,479 - INFO - _internal.py - 127.0.0.1 - - [20/Dec/2024 12:55:49] "[36mGET /static/css/map_page.css HTTP/1.1[0m" 304 -
2024-12-20 12:55:49,516 - INFO - _internal.py - 127.0.0.1 - - [20/Dec/2024 12:55:49] "GET /Results/map.html HTTP/1.1" 200 -
2024-12-20 12:55:49,922 - INFO - _internal.py - 127.0.0.1 - - [20/Dec/2024 12:55:49] "[36mGET /static/favicon.ico HTTP/1.1[0m" 304 -
2024-12-20 12:55:58,259 - INFO - _internal.py - 127.0.0.1 - - [20/Dec/2024 12:55:58] "POST /index HTTP/1.1" 200 -
2024-12-20 12:55:58,288 - INFO - _internal.py - 127.0.0.1 - - [20/Dec/2024 12:55:58] "[36mGET /static/css/map_page.css HTTP/1.1[0m" 304 -
2024-12-20 12:55:58,307 - INFO - _internal.py - 127.0.0.1 - - [20/Dec/2024 12:55:58] "GET /Results/map.html HTTP/1.1" 200 -
2024-12-20 12:56:00,508 - INFO - _internal.py - 127.0.0.1 - - [20/Dec/2024 12:56:00] "GET /index HTTP/1.1" 200 -
2024-12-20 12:56:06,678 - INFO - _internal.py - 127.0.0.1 - - [20/Dec/2024 12:56:06] "POST /index HTTP/1.1" 200 -
2024-12-20 12:56:06,697 - INFO - _internal.py - 127.0.0.1 - - [20/Dec/2024 12:56:06] "[36mGET /static/css/map_page.css HTTP/1.1[0m" 304 -
2024-12-20 12:56:06,727 - INFO - _internal.py - 127.0.0.1 - - [20/Dec/2024 12:56:06] "GET /Results/map.html HTTP/1.1" 200 -
2024-12-20 12:56:13,698 - INFO - _internal.py - 127.0.0.1 - - [20/Dec/2024 12:56:13] "POST /index HTTP/1.1" 200 -
2024-12-20 12:56:13,724 - INFO - _internal.py - 127.0.0.1 - - [20/Dec/2024 12:56:13] "[36mGET /static/css/map_page.css HTTP/1.1[0m" 304 -
2024-12-20 12:56:13,850 - INFO - _internal.py - 127.0.0.1 - - [20/Dec/2024 12:56:13] "GET /Results/map.html HTTP/1.1" 200 -
2024-12-20 12:56:18,304 - INFO - _internal.py - 127.0.0.1 - - [20/Dec/2024 12:56:18] "POST /index HTTP/1.1" 200 -
2024-12-20 12:56:18,323 - INFO - _internal.py - 127.0.0.1 - - [20/Dec/2024 12:56:18] "[36mGET /static/css/map_page.css HTTP/1.1[0m" 304 -
2024-12-20 12:56:18,484 - INFO - _internal.py - 127.0.0.1 - - [20/Dec/2024 12:56:18] "GET /Results/map.html HTTP/1.1" 200 -
2024-12-20 12:59:48,452 - INFO - _internal.py - 127.0.0.1 - - [20/Dec/2024 12:59:48] "GET /index HTTP/1.1" 200 -
2024-12-20 12:59:50,224 - INFO - main.py - User 'zura' logged out successfully.
2024-12-20 12:59:50,225 - INFO - _internal.py - 127.0.0.1 - - [20/Dec/2024 12:59:50] "[32mGET /logout HTTP/1.1[0m" 302 -
2024-12-20 12:59:50,232 - INFO - _internal.py - 127.0.0.1 - - [20/Dec/2024 12:59:50] "GET / HTTP/1.1" 200 -
2024-12-20 12:59:50,253 - INFO - _internal.py - 127.0.0.1 - - [20/Dec/2024 12:59:50] "[36mGET /static/css/Login_page.css HTTP/1.1[0m" 304 -
2024-12-20 12:59:50,268 - INFO - _internal.py - 127.0.0.1 - - [20/Dec/2024 12:59:50] "[33mGET /static/images/background.jpg HTTP/1.1[0m" 404 -
2024-12-20 13:00:01,789 - INFO - main.py - User 'zura' logged in successfully.
2024-12-20 13:00:01,790 - INFO - _internal.py - 127.0.0.1 - - [20/Dec/2024 13:00:01] "[32mPOST / HTTP/1.1[0m" 302 -
2024-12-20 13:00:01,799 - INFO - _internal.py - 127.0.0.1 - - [20/Dec/2024 13:00:01] "GET /index HTTP/1.1" 200 -
2024-12-20 13:00:01,818 - INFO - _internal.py - 127.0.0.1 - - [20/Dec/2024 13:00:01] "[36mGET /static/css/map_page.css HTTP/1.1[0m" 304 -
2024-12-20 13:00:04,821 - INFO - _internal.py - 127.0.0.1 - - [20/Dec/2024 13:00:04] "[36mGET /static/css/map_page.css HTTP/1.1[0m" 304 -
2024-12-20 13:00:50,354 - INFO - _internal.py - 127.0.0.1 - - [20/Dec/2024 13:00:50] "GET /index HTTP/1.1" 200 -
2024-12-20 13:00:50,386 - INFO - _internal.py - 127.0.0.1 - - [20/Dec/2024 13:00:50] "[36mGET /static/css/map_page.css HTTP/1.1[0m" 304 -
2024-12-20 13:00:50,476 - INFO - _internal.py - 127.0.0.1 - - [20/Dec/2024 13:00:50] "[36mGET /static/favicon.ico HTTP/1.1[0m" 304 -
2024-12-20 13:00:51,077 - INFO - _internal.py - 127.0.0.1 - - [20/Dec/2024 13:00:51] "GET /index HTTP/1.1" 200 -
2024-12-20 13:00:51,104 - INFO - _internal.py - 127.0.0.1 - - [20/Dec/2024 13:00:51] "[36mGET /static/css/map_page.css HTTP/1.1[0m" 304 -
2024-12-20 13:00:51,184 - INFO - _internal.py - 127.0.0.1 - - [20/Dec/2024 13:00:51] "[36mGET /static/favicon.ico HTTP/1.1[0m" 304 -
2024-12-20 13:00:51,555 - INFO - _internal.py - 127.0.0.1 - - [20/Dec/2024 13:00:51] "GET /index HTTP/1.1" 200 -
2024-12-20 13:00:51,586 - INFO - _internal.py - 127.0.0.1 - - [20/Dec/2024 13:00:51] "[36mGET /static/css/map_page.css HTTP/1.1[0m" 304 -
2024-12-20 13:00:51,659 - INFO - _internal.py - 127.0.0.1 - - [20/Dec/2024 13:00:51] "[36mGET /static/favicon.ico HTTP/1.1[0m" 304 -
2024-12-20 13:00:51,836 - INFO - _internal.py - 127.0.0.1 - - [20/Dec/2024 13:00:51] "GET /index HTTP/1.1" 200 -
2024-12-20 13:00:51,863 - INFO - _internal.py - 127.0.0.1 - - [20/Dec/2024 13:00:51] "[36mGET /static/css/map_page.css HTTP/1.1[0m" 304 -
2024-12-20 13:00:51,951 - INFO - _internal.py - 127.0.0.1 - - [20/Dec/2024 13:00:51] "[36mGET /static/favicon.ico HTTP/1.1[0m" 304 -
2024-12-20 13:00:52,083 - INFO - _internal.py - 127.0.0.1 - - [20/Dec/2024 13:00:52] "GET /index HTTP/1.1" 200 -
2024-12-20 13:00:52,109 - INFO - _internal.py - 127.0.0.1 - - [20/Dec/2024 13:00:52] "[36mGET /static/css/map_page.css HTTP/1.1[0m" 304 -
2024-12-20 13:00:52,193 - INFO - _internal.py - 127.0.0.1 - - [20/Dec/2024 13:00:52] "[36mGET /static/favicon.ico HTTP/1.1[0m" 304 -
2024-12-20 13:00:52,460 - INFO - _internal.py - 127.0.0.1 - - [20/Dec/2024 13:00:52] "GET /index HTTP/1.1" 200 -
2024-12-20 13:00:52,486 - INFO - _internal.py - 127.0.0.1 - - [20/Dec/2024 13:00:52] "[36mGET /static/css/map_page.css HTTP/1.1[0m" 304 -
2024-12-20 13:00:52,569 - INFO - _internal.py - 127.0.0.1 - - [20/Dec/2024 13:00:52] "[36mGET /static/favicon.ico HTTP/1.1[0m" 304 -
2024-12-20 13:00:52,968 - INFO - _internal.py - 127.0.0.1 - - [20/Dec/2024 13:00:52] "GET /index HTTP/1.1" 200 -
2024-12-20 13:00:52,994 - INFO - _internal.py - 127.0.0.1 - - [20/Dec/2024 13:00:52] "[36mGET /static/css/map_page.css HTTP/1.1[0m" 304 -
2024-12-20 13:00:53,071 - INFO - _internal.py - 127.0.0.1 - - [20/Dec/2024 13:00:53] "[36mGET /static/favicon.ico HTTP/1.1[0m" 304 -
2024-12-20 13:00:53,442 - INFO - _internal.py - 127.0.0.1 - - [20/Dec/2024 13:00:53] "GET /index HTTP/1.1" 200 -
2024-12-20 13:00:53,472 - INFO - _internal.py - 127.0.0.1 - - [20/Dec/2024 13:00:53] "[36mGET /static/css/map_page.css HTTP/1.1[0m" 304 -
2024-12-20 13:00:53,555 - INFO - _internal.py - 127.0.0.1 - - [20/Dec/2024 13:00:53] "[36mGET /static/favicon.ico HTTP/1.1[0m" 304 -
2024-12-20 13:00:53,958 - INFO - _internal.py - 127.0.0.1 - - [20/Dec/2024 13:00:53] "GET /index HTTP/1.1" 200 -
2024-12-20 13:00:53,987 - INFO - _internal.py - 127.0.0.1 - - [20/Dec/2024 13:00:53] "[36mGET /static/css/map_page.css HTTP/1.1[0m" 304 -
2024-12-20 13:00:54,073 - INFO - _internal.py - 127.0.0.1 - - [20/Dec/2024 13:00:54] "[36mGET /static/favicon.ico HTTP/1.1[0m" 304 -
2024-12-20 13:01:31,613 - INFO - main.py - Flask application is shutting down.
2024-12-20 13:01:39,645 - INFO - _internal.py - [31m[1mWARNING: This is a development server. Do not use it in a production deployment. Use a production WSGI server instead.[0m
 * Running on all addresses (0.0.0.0)
 * Running on http://127.0.0.1:80
 * Running on http://172.16.12.13:80
2024-12-20 13:01:39,645 - INFO - _internal.py - [33mPress CTRL+C to quit[0m
2024-12-20 13:01:39,736 - INFO - _internal.py - 127.0.0.1 - - [20/Dec/2024 13:01:39] "GET / HTTP/1.1" 200 -
2024-12-20 13:01:39,770 - INFO - _internal.py - 127.0.0.1 - - [20/Dec/2024 13:01:39] "[36mGET /static/css/Login_page.css HTTP/1.1[0m" 304 -
2024-12-20 13:01:39,830 - INFO - _internal.py - 127.0.0.1 - - [20/Dec/2024 13:01:39] "[33mGET /static/images/background.jpg HTTP/1.1[0m" 404 -
2024-12-20 13:01:53,459 - INFO - main.py - User 'zura' logged in successfully.
2024-12-20 13:01:53,461 - INFO - _internal.py - 127.0.0.1 - - [20/Dec/2024 13:01:53] "[32mPOST / HTTP/1.1[0m" 302 -
2024-12-20 13:01:53,479 - INFO - _internal.py - 127.0.0.1 - - [20/Dec/2024 13:01:53] "GET /index HTTP/1.1" 200 -
2024-12-20 13:01:53,502 - INFO - _internal.py - 127.0.0.1 - - [20/Dec/2024 13:01:53] "[36mGET /static/css/map_page.css HTTP/1.1[0m" 304 -
2024-12-20 13:03:06,069 - INFO - main.py - Flask application is shutting down.
2024-12-20 13:03:13,794 - INFO - _internal.py - [31m[1mWARNING: This is a development server. Do not use it in a production deployment. Use a production WSGI server instead.[0m
 * Running on all addresses (0.0.0.0)
 * Running on http://127.0.0.1:80
 * Running on http://172.16.12.13:80
2024-12-20 13:03:13,795 - INFO - _internal.py - [33mPress CTRL+C to quit[0m
2024-12-20 13:03:13,922 - INFO - _internal.py - 127.0.0.1 - - [20/Dec/2024 13:03:13] "GET / HTTP/1.1" 200 -
2024-12-20 13:03:13,957 - INFO - _internal.py - 127.0.0.1 - - [20/Dec/2024 13:03:13] "[36mGET /static/css/Login_page.css HTTP/1.1[0m" 304 -
2024-12-20 13:03:13,978 - INFO - _internal.py - 127.0.0.1 - - [20/Dec/2024 13:03:13] "[33mGET /static/images/background.jpg HTTP/1.1[0m" 404 -
2024-12-20 13:03:14,029 - INFO - _internal.py - 127.0.0.1 - - [20/Dec/2024 13:03:14] "GET /static/android-chrome-192x192.png HTTP/1.1" 200 -
2024-12-20 13:03:22,353 - INFO - main.py - User 'zura' logged in successfully.
2024-12-20 13:03:22,354 - INFO - _internal.py - 127.0.0.1 - - [20/Dec/2024 13:03:22] "[32mPOST / HTTP/1.1[0m" 302 -
2024-12-20 13:03:22,373 - INFO - _internal.py - 127.0.0.1 - - [20/Dec/2024 13:03:22] "GET /index HTTP/1.1" 200 -
2024-12-20 13:03:22,395 - INFO - _internal.py - 127.0.0.1 - - [20/Dec/2024 13:03:22] "[36mGET /static/css/map_page.css HTTP/1.1[0m" 304 -
2024-12-20 13:03:22,486 - INFO - _internal.py - 127.0.0.1 - - [20/Dec/2024 13:03:22] "GET /static/android-chrome-512x512.png HTTP/1.1" 200 -
2024-12-20 13:04:42,536 - INFO - main.py - Flask application is shutting down.
2024-12-20 13:04:50,588 - INFO - _internal.py - [31m[1mWARNING: This is a development server. Do not use it in a production deployment. Use a production WSGI server instead.[0m
 * Running on all addresses (0.0.0.0)
 * Running on http://127.0.0.1:80
 * Running on http://172.16.12.13:80
2024-12-20 13:04:50,588 - INFO - _internal.py - [33mPress CTRL+C to quit[0m
2024-12-20 13:04:50,648 - INFO - _internal.py - 127.0.0.1 - - [20/Dec/2024 13:04:50] "GET / HTTP/1.1" 200 -
2024-12-20 13:04:50,681 - INFO - _internal.py - 127.0.0.1 - - [20/Dec/2024 13:04:50] "[36mGET /static/css/Login_page.css HTTP/1.1[0m" 304 -
2024-12-20 13:04:50,711 - INFO - _internal.py - 127.0.0.1 - - [20/Dec/2024 13:04:50] "[33mGET /static/images/background.jpg HTTP/1.1[0m" 404 -
2024-12-20 13:04:50,753 - INFO - _internal.py - 127.0.0.1 - - [20/Dec/2024 13:04:50] "GET /static/apple-touch-icon.png HTTP/1.1" 200 -
2024-12-20 13:05:19,420 - INFO - main.py - Flask application is shutting down.
2024-12-20 13:05:27,324 - INFO - _internal.py - [31m[1mWARNING: This is a development server. Do not use it in a production deployment. Use a production WSGI server instead.[0m
 * Running on all addresses (0.0.0.0)
 * Running on http://127.0.0.1:80
 * Running on http://172.16.12.13:80
2024-12-20 13:05:27,324 - INFO - _internal.py - [33mPress CTRL+C to quit[0m
2024-12-20 13:06:06,891 - INFO - _internal.py - 127.0.0.1 - - [20/Dec/2024 13:06:06] "GET / HTTP/1.1" 200 -
2024-12-20 13:06:06,913 - INFO - _internal.py - 127.0.0.1 - - [20/Dec/2024 13:06:06] "[36mGET /static/css/Login_page.css HTTP/1.1[0m" 304 -
2024-12-20 13:06:06,932 - INFO - _internal.py - 127.0.0.1 - - [20/Dec/2024 13:06:06] "[33mGET /static/images/background.jpg HTTP/1.1[0m" 404 -
2024-12-20 13:06:06,946 - INFO - _internal.py - 127.0.0.1 - - [20/Dec/2024 13:06:06] "[36mGET /static/android-chrome-192x192.png HTTP/1.1[0m" 304 -
2024-12-20 13:11:08,265 - INFO - main.py - Flask application is shutting down.
2024-12-20 13:11:16,814 - INFO - _internal.py - [31m[1mWARNING: This is a development server. Do not use it in a production deployment. Use a production WSGI server instead.[0m
 * Running on all addresses (0.0.0.0)
 * Running on http://127.0.0.1:80
 * Running on http://172.16.12.13:80
2024-12-20 13:11:16,814 - INFO - _internal.py - [33mPress CTRL+C to quit[0m
2024-12-20 13:11:17,121 - INFO - _internal.py - 127.0.0.1 - - [20/Dec/2024 13:11:17] "GET / HTTP/1.1" 200 -
2024-12-20 13:11:17,144 - INFO - _internal.py - 127.0.0.1 - - [20/Dec/2024 13:11:17] "[36mGET /static/css/Login_page.css HTTP/1.1[0m" 304 -
2024-12-20 13:11:17,161 - INFO - _internal.py - 127.0.0.1 - - [20/Dec/2024 13:11:17] "[33mGET /static/images/background.jpg HTTP/1.1[0m" 404 -
2024-12-20 13:11:17,170 - INFO - _internal.py - 127.0.0.1 - - [20/Dec/2024 13:11:17] "GET /static/icons8-plane-100.png HTTP/1.1" 200 -
2024-12-20 13:11:39,163 - INFO - main.py - User 'zura' logged in successfully.
2024-12-20 13:11:39,165 - INFO - _internal.py - 127.0.0.1 - - [20/Dec/2024 13:11:39] "[32mPOST / HTTP/1.1[0m" 302 -
2024-12-20 13:11:39,183 - INFO - _internal.py - 127.0.0.1 - - [20/Dec/2024 13:11:39] "GET /index HTTP/1.1" 200 -
2024-12-20 13:11:39,205 - INFO - _internal.py - 127.0.0.1 - - [20/Dec/2024 13:11:39] "[36mGET /static/css/map_page.css HTTP/1.1[0m" 304 -
2024-12-20 13:17:32,580 - INFO - main.py - Flask application is shutting down.
2024-12-20 13:17:40,321 - INFO - _internal.py - [31m[1mWARNING: This is a development server. Do not use it in a production deployment. Use a production WSGI server instead.[0m
 * Running on all addresses (0.0.0.0)
 * Running on http://127.0.0.1:80
 * Running on http://172.16.12.13:80
2024-12-20 13:17:40,321 - INFO - _internal.py - [33mPress CTRL+C to quit[0m
2024-12-20 13:17:41,136 - INFO - _internal.py - 127.0.0.1 - - [20/Dec/2024 13:17:41] "GET / HTTP/1.1" 200 -
2024-12-20 13:17:41,175 - INFO - _internal.py - 127.0.0.1 - - [20/Dec/2024 13:17:41] "[36mGET /static/css/Login_page.css HTTP/1.1[0m" 304 -
2024-12-20 13:17:41,216 - INFO - _internal.py - 127.0.0.1 - - [20/Dec/2024 13:17:41] "[33mGET /static/images/background.jpg HTTP/1.1[0m" 404 -
2024-12-20 13:17:41,231 - INFO - _internal.py - 127.0.0.1 - - [20/Dec/2024 13:17:41] "GET /static/international-travel_14098668.png HTTP/1.1" 200 -
2024-12-20 13:18:06,754 - INFO - main.py - Flask application is shutting down.
2024-12-20 13:18:14,776 - INFO - _internal.py - [31m[1mWARNING: This is a development server. Do not use it in a production deployment. Use a production WSGI server instead.[0m
 * Running on all addresses (0.0.0.0)
 * Running on http://127.0.0.1:80
 * Running on http://172.16.12.13:80
2024-12-20 13:18:14,776 - INFO - _internal.py - [33mPress CTRL+C to quit[0m
2024-12-20 13:18:15,068 - INFO - _internal.py - 127.0.0.1 - - [20/Dec/2024 13:18:15] "GET / HTTP/1.1" 200 -
2024-12-20 13:18:15,100 - INFO - _internal.py - 127.0.0.1 - - [20/Dec/2024 13:18:15] "[36mGET /static/css/Login_page.css HTTP/1.1[0m" 304 -
2024-12-20 13:18:15,121 - INFO - _internal.py - 127.0.0.1 - - [20/Dec/2024 13:18:15] "[33mGET /static/images/background.jpg HTTP/1.1[0m" 404 -
2024-12-20 13:18:15,131 - INFO - _internal.py - 127.0.0.1 - - [20/Dec/2024 13:18:15] "[36mGET /static/international-travel_14098668.png HTTP/1.1[0m" 304 -
2024-12-20 13:18:20,999 - INFO - main.py - User 'zura' logged in successfully.
2024-12-20 13:18:21,001 - INFO - _internal.py - 127.0.0.1 - - [20/Dec/2024 13:18:21] "[32mPOST / HTTP/1.1[0m" 302 -
2024-12-20 13:18:21,019 - INFO - _internal.py - 127.0.0.1 - - [20/Dec/2024 13:18:21] "GET /index HTTP/1.1" 200 -
2024-12-20 13:18:21,052 - INFO - _internal.py - 127.0.0.1 - - [20/Dec/2024 13:18:21] "[36mGET /static/css/map_page.css HTTP/1.1[0m" 304 -
2024-12-20 13:18:21,361 - INFO - _internal.py - 127.0.0.1 - - [20/Dec/2024 13:18:21] "[36mGET /static/international-travel_14098668.png HTTP/1.1[0m" 304 -
2024-12-20 13:18:52,196 - INFO - main.py - User 'zura' logged out successfully.
2024-12-20 13:18:52,197 - INFO - _internal.py - 127.0.0.1 - - [20/Dec/2024 13:18:52] "[32mGET /logout HTTP/1.1[0m" 302 -
2024-12-20 13:18:52,203 - INFO - _internal.py - 127.0.0.1 - - [20/Dec/2024 13:18:52] "GET / HTTP/1.1" 200 -
2024-12-20 13:18:52,229 - INFO - _internal.py - 127.0.0.1 - - [20/Dec/2024 13:18:52] "[36mGET /static/css/Login_page.css HTTP/1.1[0m" 304 -
2024-12-20 13:18:52,240 - INFO - _internal.py - 127.0.0.1 - - [20/Dec/2024 13:18:52] "[33mGET /static/images/background.jpg HTTP/1.1[0m" 404 -
2024-12-20 13:18:59,486 - INFO - main.py - User 'gio' logged in successfully.
2024-12-20 13:18:59,487 - INFO - _internal.py - 127.0.0.1 - - [20/Dec/2024 13:18:59] "[32mPOST / HTTP/1.1[0m" 302 -
2024-12-20 13:18:59,496 - INFO - _internal.py - 127.0.0.1 - - [20/Dec/2024 13:18:59] "GET /index HTTP/1.1" 200 -
2024-12-20 13:18:59,521 - INFO - _internal.py - 127.0.0.1 - - [20/Dec/2024 13:18:59] "[36mGET /static/css/map_page.css HTTP/1.1[0m" 304 -
2024-12-20 13:19:12,546 - INFO - _internal.py - 127.0.0.1 - - [20/Dec/2024 13:19:12] "POST /index HTTP/1.1" 200 -
2024-12-20 13:19:12,562 - INFO - _internal.py - 127.0.0.1 - - [20/Dec/2024 13:19:12] "[36mGET /static/css/map_page.css HTTP/1.1[0m" 304 -
2024-12-20 13:19:12,601 - INFO - _internal.py - 127.0.0.1 - - [20/Dec/2024 13:19:12] "GET /Results/map.html HTTP/1.1" 200 -
2024-12-20 13:19:37,482 - INFO - main.py - User 'gio' logged out successfully.
2024-12-20 13:19:37,483 - INFO - _internal.py - 127.0.0.1 - - [20/Dec/2024 13:19:37] "[32mGET /logout HTTP/1.1[0m" 302 -
2024-12-20 13:19:37,489 - INFO - _internal.py - 127.0.0.1 - - [20/Dec/2024 13:19:37] "GET / HTTP/1.1" 200 -
2024-12-20 13:19:37,524 - INFO - _internal.py - 127.0.0.1 - - [20/Dec/2024 13:19:37] "[36mGET /static/css/Login_page.css HTTP/1.1[0m" 304 -
2024-12-20 13:19:37,819 - INFO - _internal.py - 127.0.0.1 - - [20/Dec/2024 13:19:37] "[33mGET /static/images/background.jpg HTTP/1.1[0m" 404 -
2024-12-20 13:19:43,342 - INFO - main.py - User 'zura' logged in successfully.
2024-12-20 13:19:43,343 - INFO - _internal.py - 127.0.0.1 - - [20/Dec/2024 13:19:43] "[32mPOST / HTTP/1.1[0m" 302 -
2024-12-20 13:19:43,352 - INFO - _internal.py - 127.0.0.1 - - [20/Dec/2024 13:19:43] "GET /index HTTP/1.1" 200 -
2024-12-20 13:19:43,385 - INFO - _internal.py - 127.0.0.1 - - [20/Dec/2024 13:19:43] "[36mGET /static/css/map_page.css HTTP/1.1[0m" 304 -
2024-12-20 13:20:01,831 - INFO - _internal.py - 127.0.0.1 - - [20/Dec/2024 13:20:01] "POST /index HTTP/1.1" 200 -
2024-12-20 13:20:01,854 - INFO - _internal.py - 127.0.0.1 - - [20/Dec/2024 13:20:01] "[36mGET /static/css/map_page.css HTTP/1.1[0m" 304 -
2024-12-20 13:20:01,867 - INFO - _internal.py - 127.0.0.1 - - [20/Dec/2024 13:20:01] "GET /Results/map.html HTTP/1.1" 200 -
2024-12-20 13:20:36,969 - INFO - main.py - User 'zura' logged out successfully.
2024-12-20 13:20:36,970 - INFO - _internal.py - 127.0.0.1 - - [20/Dec/2024 13:20:36] "[32mGET /logout HTTP/1.1[0m" 302 -
2024-12-20 13:20:36,976 - INFO - _internal.py - 127.0.0.1 - - [20/Dec/2024 13:20:36] "GET / HTTP/1.1" 200 -
2024-12-20 13:20:36,997 - INFO - _internal.py - 127.0.0.1 - - [20/Dec/2024 13:20:36] "[36mGET /static/css/Login_page.css HTTP/1.1[0m" 304 -
2024-12-20 13:20:37,045 - INFO - _internal.py - 127.0.0.1 - - [20/Dec/2024 13:20:37] "[33mGET /static/images/background.jpg HTTP/1.1[0m" 404 -
2024-12-20 13:24:32,998 - INFO - main.py - User 'zura' logged in successfully.
2024-12-20 13:24:32,999 - INFO - _internal.py - 127.0.0.1 - - [20/Dec/2024 13:24:32] "[32mPOST / HTTP/1.1[0m" 302 -
2024-12-20 13:24:33,009 - INFO - _internal.py - 127.0.0.1 - - [20/Dec/2024 13:24:33] "GET /index HTTP/1.1" 200 -
2024-12-20 13:24:33,039 - INFO - _internal.py - 127.0.0.1 - - [20/Dec/2024 13:24:33] "[36mGET /static/css/map_page.css HTTP/1.1[0m" 304 -
